2025-12-24T07:56:15.906068503Z [inf]  
2025-12-24T07:56:17.989561348Z [inf]  [35m[Region: europe-west4][0m
2025-12-24T07:56:17.994269283Z [inf]  [35m==============
2025-12-24T07:56:17.994299501Z [inf]  Using Nixpacks
2025-12-24T07:56:17.994306448Z [inf]  ==============
2025-12-24T07:56:17.994312146Z [inf]  [0m
2025-12-24T07:56:17.994403986Z [inf]  context: 28qq-G3Nc
2025-12-24T07:56:18.086791668Z [inf]  â•”â•â•â•â•â•â•â•â•â•â•â•â•â•â•â•â•â•â•â•â•â•â•â•â•â•â•â•â•â•â• Nixpacks v1.38.0 â•â•â•â•â•â•â•â•â•â•â•â•â•â•â•â•â•â•â•â•â•â•â•â•â•â•â•â•â•â•â•—
2025-12-24T07:56:18.086845503Z [inf]  â•‘ setup      â”‚ python3, postgresql_16.dev, gcc                                 â•‘
2025-12-24T07:56:18.086852194Z [inf]  â•‘â”€â”€â”€â”€â”€â”€â”€â”€â”€â”€â”€â”€â”€â”€â”€â”€â”€â”€â”€â”€â”€â”€â”€â”€â”€â”€â”€â”€â”€â”€â”€â”€â”€â”€â”€â”€â”€â”€â”€â”€â”€â”€â”€â”€â”€â”€â”€â”€â”€â”€â”€â”€â”€â”€â”€â”€â”€â”€â”€â”€â”€â”€â”€â”€â”€â”€â”€â”€â”€â”€â”€â”€â”€â”€â”€â”€â”€â”€â•‘
2025-12-24T07:56:18.086856743Z [inf]  â•‘ install    â”‚ python -m venv --copies /opt/venv && . /opt/venv/bin/activate   â•‘
2025-12-24T07:56:18.086870098Z [inf]  â•‘            â”‚ && pip install -r requirements.txt                              â•‘
2025-12-24T07:56:18.086874388Z [inf]  â•‘â”€â”€â”€â”€â”€â”€â”€â”€â”€â”€â”€â”€â”€â”€â”€â”€â”€â”€â”€â”€â”€â”€â”€â”€â”€â”€â”€â”€â”€â”€â”€â”€â”€â”€â”€â”€â”€â”€â”€â”€â”€â”€â”€â”€â”€â”€â”€â”€â”€â”€â”€â”€â”€â”€â”€â”€â”€â”€â”€â”€â”€â”€â”€â”€â”€â”€â”€â”€â”€â”€â”€â”€â”€â”€â”€â”€â”€â”€â•‘
2025-12-24T07:56:18.086878717Z [inf]  â•‘ start      â”‚ uvicorn app.main:app --host 0.0.0.0 --port $PORT                â•‘
2025-12-24T07:56:18.086883005Z [inf]  â•šâ•â•â•â•â•â•â•â•â•â•â•â•â•â•â•â•â•â•â•â•â•â•â•â•â•â•â•â•â•â•â•â•â•â•â•â•â•â•â•â•â•â•â•â•â•â•â•â•â•â•â•â•â•â•â•â•â•â•â•â•â•â•â•â•â•â•â•â•â•â•â•â•â•â•â•â•â•â•â•
2025-12-24T07:56:18.320507041Z [inf]  [internal] load build definition from Dockerfile
2025-12-24T07:56:18.320569847Z [inf]  [internal] load build definition from Dockerfile
2025-12-24T07:56:18.320584631Z [inf]  [internal] load build definition from Dockerfile
2025-12-24T07:56:18.336571041Z [inf]  [internal] load build definition from Dockerfile
2025-12-24T07:56:18.338621154Z [inf]  [internal] load metadata for ghcr.io/railwayapp/nixpacks:ubuntu-1745885067
2025-12-24T07:56:18.667035906Z [inf]  [internal] load metadata for ghcr.io/railwayapp/nixpacks:ubuntu-1745885067
2025-12-24T07:56:18.667629975Z [inf]  [internal] load .dockerignore
2025-12-24T07:56:18.667669017Z [inf]  [internal] load .dockerignore
2025-12-24T07:56:18.667686522Z [inf]  [internal] load .dockerignore
2025-12-24T07:56:18.676434387Z [inf]  [internal] load .dockerignore
2025-12-24T07:56:18.684904443Z [inf]  [stage-0 8/8] COPY . /app
2025-12-24T07:56:18.684943749Z [inf]  [stage-0 7/8] RUN printf '\nPATH=/opt/venv/bin:$PATH' >> /root/.profile
2025-12-24T07:56:18.684960675Z [inf]  [stage-0 6/8] RUN --mount=type=cache,id=s/8dbe4f37-75da-4b1a-a6f8-63b71fa47c6a-/root/cache/pip,target=/root/.cache/pip python -m venv --copies /opt/venv && . /opt/venv/bin/activate && pip install -r requirements.txt
2025-12-24T07:56:18.684971331Z [inf]  [stage-0 5/8] COPY . /app/.
2025-12-24T07:56:18.684979225Z [inf]  [stage-0 4/8] RUN nix-env -if .nixpacks/nixpkgs-bc8f8d1be58e8c8383e683a06e1e1e57893fff87.nix && nix-collect-garbage -d
2025-12-24T07:56:18.685000052Z [inf]  [stage-0 3/8] COPY .nixpacks/nixpkgs-bc8f8d1be58e8c8383e683a06e1e1e57893fff87.nix .nixpacks/nixpkgs-bc8f8d1be58e8c8383e683a06e1e1e57893fff87.nix
2025-12-24T07:56:18.685011898Z [inf]  [internal] load build context
2025-12-24T07:56:18.685043507Z [inf]  [stage-0 2/8] WORKDIR /app/
2025-12-24T07:56:18.685052585Z [inf]  [stage-0 1/8] FROM ghcr.io/railwayapp/nixpacks:ubuntu-1745885067@sha256:d45c89d80e13d7ad0fd555b5130f22a866d9dd10e861f589932303ef2314c7de
2025-12-24T07:56:18.685080189Z [inf]  [stage-0 1/8] FROM ghcr.io/railwayapp/nixpacks:ubuntu-1745885067@sha256:d45c89d80e13d7ad0fd555b5130f22a866d9dd10e861f589932303ef2314c7de
2025-12-24T07:56:18.685096442Z [inf]  [internal] load build context
2025-12-24T07:56:18.685155778Z [inf]  [internal] load build context
2025-12-24T07:56:18.737699311Z [inf]  [internal] load build context
2025-12-24T07:56:18.741415275Z [inf]  [stage-0 2/8] WORKDIR /app/
2025-12-24T07:56:18.741450151Z [inf]  [stage-0 3/8] COPY .nixpacks/nixpkgs-bc8f8d1be58e8c8383e683a06e1e1e57893fff87.nix .nixpacks/nixpkgs-bc8f8d1be58e8c8383e683a06e1e1e57893fff87.nix
2025-12-24T07:56:18.741466191Z [inf]  [stage-0 4/8] RUN nix-env -if .nixpacks/nixpkgs-bc8f8d1be58e8c8383e683a06e1e1e57893fff87.nix && nix-collect-garbage -d
2025-12-24T07:56:18.741486296Z [inf]  [stage-0 5/8] COPY . /app/.
2025-12-24T07:56:18.884085477Z [inf]  [stage-0 5/8] COPY . /app/.
2025-12-24T07:56:18.885303685Z [inf]  [stage-0 6/8] RUN --mount=type=cache,id=s/8dbe4f37-75da-4b1a-a6f8-63b71fa47c6a-/root/cache/pip,target=/root/.cache/pip python -m venv --copies /opt/venv && . /opt/venv/bin/activate && pip install -r requirements.txt
2025-12-24T07:56:22.038326577Z [inf]  Collecting fastapi>=0.104.0 (from -r requirements.txt (line 1))

2025-12-24T07:56:22.067431437Z [inf]    Downloading fastapi-0.127.0-py3-none-any.whl.metadata (30 kB)

2025-12-24T07:56:22.115743617Z [inf]  Collecting uvicorn>=0.24.0 (from uvicorn[standard]>=0.24.0->-r requirements.txt (line 2))

2025-12-24T07:56:22.121985581Z [inf]    Downloading uvicorn-0.40.0-py3-none-any.whl.metadata (6.7 kB)

2025-12-24T07:56:22.535150753Z [inf]  Collecting sqlalchemy>=2.0.0 (from -r requirements.txt (line 3))

2025-12-24T07:56:22.54185559Z [inf]    Downloading sqlalchemy-2.0.45-cp312-cp312-manylinux2014_x86_64.manylinux_2_17_x86_64.manylinux_2_28_x86_64.whl.metadata (9.5 kB)

2025-12-24T07:56:22.572594543Z [inf]  Collecting pydantic-settings>=2.0.0 (from -r requirements.txt (line 4))

2025-12-24T07:56:22.579071376Z [inf]    Downloading pydantic_settings-2.12.0-py3-none-any.whl.metadata (3.4 kB)

2025-12-24T07:56:22.595257516Z [inf]  Collecting python-multipart>=0.0.6 (from -r requirements.txt (line 5))

2025-12-24T07:56:22.601460558Z [inf]    Downloading python_multipart-0.0.21-py3-none-any.whl.metadata (1.8 kB)

2025-12-24T07:56:22.621140162Z [inf]  Collecting jinja2>=3.1.2 (from -r requirements.txt (line 6))

2025-12-24T07:56:22.627176958Z [inf]    Downloading jinja2-3.1.6-py3-none-any.whl.metadata (2.9 kB)

2025-12-24T07:56:22.657255718Z [inf]  Collecting httpx>=0.25.0 (from -r requirements.txt (line 7))

2025-12-24T07:56:22.663356506Z [inf]    Downloading httpx-0.28.1-py3-none-any.whl.metadata (7.1 kB)

2025-12-24T07:56:22.678737563Z [inf]  Collecting python-jose>=3.3.0 (from python-jose[cryptography]>=3.3.0->-r requirements.txt (line 8))

2025-12-24T07:56:22.685599463Z [inf]    Downloading python_jose-3.5.0-py2.py3-none-any.whl.metadata (5.5 kB)

2025-12-24T07:56:22.701283343Z [inf]  Collecting qrcode>=7.4 (from qrcode[pil]>=7.4->-r requirements.txt (line 9))

2025-12-24T07:56:22.708262237Z [inf]    Downloading qrcode-8.2-py3-none-any.whl.metadata (17 kB)

2025-12-24T07:56:22.795786067Z [inf]  Collecting psycopg2-binary>=2.9.9 (from -r requirements.txt (line 10))

2025-12-24T07:56:22.802651106Z [inf]    Downloading psycopg2_binary-2.9.11-cp312-cp312-manylinux2014_x86_64.manylinux_2_17_x86_64.whl.metadata (4.9 kB)

2025-12-24T07:56:22.822533619Z [inf]  Collecting cloudinary>=1.36.0 (from -r requirements.txt (line 11))

2025-12-24T07:56:22.82977793Z [inf]    Downloading cloudinary-1.44.1-py3-none-any.whl.metadata (8.0 kB)

2025-12-24T07:56:22.879830174Z [inf]  Collecting starlette<0.51.0,>=0.40.0 (from fastapi>=0.104.0->-r requirements.txt (line 1))

2025-12-24T07:56:22.886257577Z [inf]    Downloading starlette-0.50.0-py3-none-any.whl.metadata (6.3 kB)

2025-12-24T07:56:23.063244182Z [inf]  Collecting pydantic>=2.7.0 (from fastapi>=0.104.0->-r requirements.txt (line 1))

2025-12-24T07:56:23.069999469Z [inf]    Downloading pydantic-2.12.5-py3-none-any.whl.metadata (90 kB)

2025-12-24T07:56:23.101742703Z [inf]  Collecting typing-extensions>=4.8.0 (from fastapi>=0.104.0->-r requirements.txt (line 1))

2025-12-24T07:56:23.108714313Z [inf]    Downloading typing_extensions-4.15.0-py3-none-any.whl.metadata (3.3 kB)

2025-12-24T07:56:23.119391363Z [inf]  Collecting annotated-doc>=0.0.2 (from fastapi>=0.104.0->-r requirements.txt (line 1))

2025-12-24T07:56:23.125836691Z [inf]    Downloading annotated_doc-0.0.4-py3-none-any.whl.metadata (6.6 kB)

2025-12-24T07:56:23.15616807Z [inf]  Collecting click>=7.0 (from uvicorn>=0.24.0->uvicorn[standard]>=0.24.0->-r requirements.txt (line 2))

2025-12-24T07:56:23.162806132Z [inf]    Downloading click-8.3.1-py3-none-any.whl.metadata (2.6 kB)

2025-12-24T07:56:23.175702839Z [inf]  Collecting h11>=0.8 (from uvicorn>=0.24.0->uvicorn[standard]>=0.24.0->-r requirements.txt (line 2))

2025-12-24T07:56:23.182104534Z [inf]    Downloading h11-0.16.0-py3-none-any.whl.metadata (8.3 kB)

2025-12-24T07:56:23.362485329Z [inf]  Collecting greenlet>=1 (from sqlalchemy>=2.0.0->-r requirements.txt (line 3))

2025-12-24T07:56:23.36960893Z [inf]    Downloading greenlet-3.3.0-cp312-cp312-manylinux_2_24_x86_64.manylinux_2_28_x86_64.whl.metadata (4.1 kB)

2025-12-24T07:56:23.395485924Z [inf]  Collecting python-dotenv>=0.21.0 (from pydantic-settings>=2.0.0->-r requirements.txt (line 4))

2025-12-24T07:56:23.401647221Z [inf]    Downloading python_dotenv-1.2.1-py3-none-any.whl.metadata (25 kB)

2025-12-24T07:56:23.415498624Z [inf]  Collecting typing-inspection>=0.4.0 (from pydantic-settings>=2.0.0->-r requirements.txt (line 4))

2025-12-24T07:56:23.421682885Z [inf]    Downloading typing_inspection-0.4.2-py3-none-any.whl.metadata (2.6 kB)

2025-12-24T07:56:23.531675879Z [inf]  Collecting MarkupSafe>=2.0 (from jinja2>=3.1.2->-r requirements.txt (line 6))

2025-12-24T07:56:23.538459634Z [inf]    Downloading markupsafe-3.0.3-cp312-cp312-manylinux2014_x86_64.manylinux_2_17_x86_64.manylinux_2_28_x86_64.whl.metadata (2.7 kB)

2025-12-24T07:56:23.567180044Z [inf]  Collecting anyio (from httpx>=0.25.0->-r requirements.txt (line 7))

2025-12-24T07:56:23.573698002Z [inf]    Downloading anyio-4.12.0-py3-none-any.whl.metadata (4.3 kB)

2025-12-24T07:56:23.599155451Z [inf]  Collecting certifi (from httpx>=0.25.0->-r requirements.txt (line 7))

2025-12-24T07:56:23.605307753Z [inf]    Downloading certifi-2025.11.12-py3-none-any.whl.metadata (2.5 kB)

2025-12-24T07:56:23.633857274Z [inf]  Collecting httpcore==1.* (from httpx>=0.25.0->-r requirements.txt (line 7))

2025-12-24T07:56:23.640084083Z [inf]    Downloading httpcore-1.0.9-py3-none-any.whl.metadata (21 kB)

2025-12-24T07:56:23.658243989Z [inf]  Collecting idna (from httpx>=0.25.0->-r requirements.txt (line 7))

2025-12-24T07:56:23.664610971Z [inf]    Downloading idna-3.11-py3-none-any.whl.metadata (8.4 kB)

2025-12-24T07:56:23.686362441Z [inf]  Collecting ecdsa!=0.15 (from python-jose>=3.3.0->python-jose[cryptography]>=3.3.0->-r requirements.txt (line 8))

2025-12-24T07:56:23.692757681Z [inf]    Downloading ecdsa-0.19.1-py2.py3-none-any.whl.metadata (29 kB)

2025-12-24T07:56:23.715174224Z [inf]  Collecting rsa!=4.1.1,!=4.4,<5.0,>=4.0 (from python-jose>=3.3.0->python-jose[cryptography]>=3.3.0->-r requirements.txt (line 8))

2025-12-24T07:56:23.722024121Z [inf]    Downloading rsa-4.9.1-py3-none-any.whl.metadata (5.6 kB)

2025-12-24T07:56:23.750646581Z [inf]  Collecting pyasn1>=0.5.0 (from python-jose>=3.3.0->python-jose[cryptography]>=3.3.0->-r requirements.txt (line 8))

2025-12-24T07:56:23.757036312Z [inf]    Downloading pyasn1-0.6.1-py3-none-any.whl.metadata (8.4 kB)

2025-12-24T07:56:23.77552443Z [inf]  Collecting six (from cloudinary>=1.36.0->-r requirements.txt (line 11))

2025-12-24T07:56:23.782651993Z [inf]    Downloading six-1.17.0-py2.py3-none-any.whl.metadata (1.7 kB)

2025-12-24T07:56:23.832091747Z [inf]  Collecting urllib3>=1.26.5 (from cloudinary>=1.36.0->-r requirements.txt (line 11))

2025-12-24T07:56:23.838460841Z [inf]    Downloading urllib3-2.6.2-py3-none-any.whl.metadata (6.6 kB)

2025-12-24T07:56:24.127409749Z [inf]  Collecting cryptography>=3.4.0 (from python-jose[cryptography]>=3.3.0->-r requirements.txt (line 8))

2025-12-24T07:56:24.137167786Z [inf]    Downloading cryptography-46.0.3-cp311-abi3-manylinux_2_34_x86_64.whl.metadata (5.7 kB)

2025-12-24T07:56:24.375828976Z [inf]  Collecting pillow>=9.1.0 (from qrcode[pil]>=7.4->-r requirements.txt (line 9))

2025-12-24T07:56:24.382257132Z [inf]    Downloading pillow-12.0.0-cp312-cp312-manylinux_2_27_x86_64.manylinux_2_28_x86_64.whl.metadata (8.8 kB)

2025-12-24T07:56:24.426988941Z [inf]  Collecting httptools>=0.6.3 (from uvicorn[standard]>=0.24.0->-r requirements.txt (line 2))

2025-12-24T07:56:24.433401445Z [inf]    Downloading httptools-0.7.1-cp312-cp312-manylinux1_x86_64.manylinux_2_28_x86_64.manylinux_2_5_x86_64.whl.metadata (3.5 kB)

2025-12-24T07:56:24.485467029Z [inf]  Collecting pyyaml>=5.1 (from uvicorn[standard]>=0.24.0->-r requirements.txt (line 2))

2025-12-24T07:56:24.491986844Z [inf]    Downloading pyyaml-6.0.3-cp312-cp312-manylinux2014_x86_64.manylinux_2_17_x86_64.manylinux_2_28_x86_64.whl.metadata (2.4 kB)

2025-12-24T07:56:24.542799983Z [inf]  Collecting uvloop>=0.15.1 (from uvicorn[standard]>=0.24.0->-r requirements.txt (line 2))

2025-12-24T07:56:24.54929724Z [inf]    Downloading uvloop-0.22.1-cp312-cp312-manylinux2014_x86_64.manylinux_2_17_x86_64.manylinux_2_28_x86_64.whl.metadata (4.9 kB)

2025-12-24T07:56:24.65083506Z [inf]  Collecting watchfiles>=0.13 (from uvicorn[standard]>=0.24.0->-r requirements.txt (line 2))

2025-12-24T07:56:24.657347211Z [inf]    Downloading watchfiles-1.1.1-cp312-cp312-manylinux_2_17_x86_64.manylinux2014_x86_64.whl.metadata (4.9 kB)

2025-12-24T07:56:24.833233404Z [inf]  Collecting websockets>=10.4 (from uvicorn[standard]>=0.24.0->-r requirements.txt (line 2))

2025-12-24T07:56:24.839841797Z [inf]    Downloading websockets-15.0.1-cp312-cp312-manylinux_2_5_x86_64.manylinux1_x86_64.manylinux_2_17_x86_64.manylinux2014_x86_64.whl.metadata (6.8 kB)

2025-12-24T07:56:24.978494729Z [inf]  Collecting cffi>=2.0.0 (from cryptography>=3.4.0->python-jose[cryptography]>=3.3.0->-r requirements.txt (line 8))

2025-12-24T07:56:24.985017973Z [inf]    Downloading cffi-2.0.0-cp312-cp312-manylinux2014_x86_64.manylinux_2_17_x86_64.whl.metadata (2.6 kB)

2025-12-24T07:56:25.008677297Z [inf]  Collecting annotated-types>=0.6.0 (from pydantic>=2.7.0->fastapi>=0.104.0->-r requirements.txt (line 1))

2025-12-24T07:56:25.015263982Z [inf]    Downloading annotated_types-0.7.0-py3-none-any.whl.metadata (15 kB)

2025-12-24T07:56:25.990919731Z [inf]  Collecting pydantic-core==2.41.5 (from pydantic>=2.7.0->fastapi>=0.104.0->-r requirements.txt (line 1))

2025-12-24T07:56:25.997785985Z [inf]    Downloading pydantic_core-2.41.5-cp312-cp312-manylinux_2_17_x86_64.manylinux2014_x86_64.whl.metadata (7.3 kB)

2025-12-24T07:56:26.072384617Z [inf]  Collecting pycparser (from cffi>=2.0.0->cryptography>=3.4.0->python-jose[cryptography]>=3.3.0->-r requirements.txt (line 8))

2025-12-24T07:56:26.078835342Z [inf]    Downloading pycparser-2.23-py3-none-any.whl.metadata (993 bytes)

2025-12-24T07:56:26.090381931Z [inf]  Downloading fastapi-0.127.0-py3-none-any.whl (112 kB)

2025-12-24T07:56:26.097235109Z [inf]  Downloading uvicorn-0.40.0-py3-none-any.whl (68 kB)

2025-12-24T07:56:26.104414204Z [inf]  Downloading sqlalchemy-2.0.45-cp312-cp312-manylinux2014_x86_64.manylinux_2_17_x86_64.manylinux_2_28_x86_64.whl (3.3 MB)

2025-12-24T07:56:26.12631484Z [inf]     â”â”â”â”â”â”â”â”â”â”â”â”â”â”â”â”â”â”â”â”â”â”â”â”â”â”â”â”â”â”â”â”â”â”â”â”â”â”â”â” 3.3/3.3 MB 229.7 MB/s eta 0:00:00
2025-12-24T07:56:26.126488312Z [inf]  

2025-12-24T07:56:26.132857026Z [inf]  Downloading pydantic_settings-2.12.0-py3-none-any.whl (51 kB)

2025-12-24T07:56:26.139364124Z [inf]  Downloading python_multipart-0.0.21-py3-none-any.whl (24 kB)

2025-12-24T07:56:26.14575954Z [inf]  Downloading jinja2-3.1.6-py3-none-any.whl (134 kB)

2025-12-24T07:56:26.152068277Z [inf]  Downloading httpx-0.28.1-py3-none-any.whl (73 kB)

2025-12-24T07:56:26.158294814Z [inf]  Downloading httpcore-1.0.9-py3-none-any.whl (78 kB)

2025-12-24T07:56:26.164769053Z [inf]  Downloading python_jose-3.5.0-py2.py3-none-any.whl (34 kB)

2025-12-24T07:56:26.171048012Z [inf]  Downloading qrcode-8.2-py3-none-any.whl (45 kB)

2025-12-24T07:56:26.178809685Z [inf]  Downloading psycopg2_binary-2.9.11-cp312-cp312-manylinux2014_x86_64.manylinux_2_17_x86_64.whl (4.2 MB)

2025-12-24T07:56:26.206635819Z [inf]     â”â”â”â”â”â”â”â”â”â”â”â”â”â”â”â”â”â”â”â”â”â”â”â”â”â”â”â”â”â”â”â”â”â”â”â”â”â”â”â” 4.2/4.2 MB 157.4 MB/s eta 0:00:00
2025-12-24T07:56:26.206743657Z [inf]  

2025-12-24T07:56:26.213612894Z [inf]  Downloading cloudinary-1.44.1-py3-none-any.whl (147 kB)

2025-12-24T07:56:26.220451792Z [inf]  Downloading annotated_doc-0.0.4-py3-none-any.whl (5.3 kB)

2025-12-24T07:56:26.226562804Z [inf]  Downloading click-8.3.1-py3-none-any.whl (108 kB)

2025-12-24T07:56:26.232949158Z [inf]  Downloading cryptography-46.0.3-cp311-abi3-manylinux_2_34_x86_64.whl (4.5 MB)

2025-12-24T07:56:26.245772877Z [inf]     â”â”â”â”â”â”â”â”â”â”â”â”â”â”â”â”â”â”â”â”â”â”â”â”â”â”â”â”â”â”â”â”â”â”â”â”â”â”â”â” 4.5/4.5 MB 411.5 MB/s eta 0:00:00
2025-12-24T07:56:26.245913974Z [inf]  

2025-12-24T07:56:26.25191876Z [inf]  Downloading ecdsa-0.19.1-py2.py3-none-any.whl (150 kB)

2025-12-24T07:56:26.259892061Z [inf]  Downloading greenlet-3.3.0-cp312-cp312-manylinux_2_24_x86_64.manylinux_2_28_x86_64.whl (609 kB)

2025-12-24T07:56:26.265256088Z [inf]     â”â”â”â”â”â”â”â”â”â”â”â”â”â”â”â”â”â”â”â”â”â”â”â”â”â”â”â”â”â”â”â”â”â”â”â”â”â”â” 609.9/609.9 kB 187.6 MB/s eta 0:00:00
2025-12-24T07:56:26.265437187Z [inf]  

2025-12-24T07:56:26.271480952Z [inf]  Downloading h11-0.16.0-py3-none-any.whl (37 kB)

2025-12-24T07:56:26.278148611Z [inf]  Downloading httptools-0.7.1-cp312-cp312-manylinux1_x86_64.manylinux_2_28_x86_64.manylinux_2_5_x86_64.whl (517 kB)

2025-12-24T07:56:26.285540156Z [inf]  Downloading markupsafe-3.0.3-cp312-cp312-manylinux2014_x86_64.manylinux_2_17_x86_64.manylinux_2_28_x86_64.whl (22 kB)

2025-12-24T07:56:26.292624137Z [inf]  Downloading pillow-12.0.0-cp312-cp312-manylinux_2_27_x86_64.manylinux_2_28_x86_64.whl (7.0 MB)

2025-12-24T07:56:26.311020114Z [inf]     â”â”â”â”â”â”â”â”â”â”â”â”â”â”â”â”â”â”â”â”â”â”â”â”â”â”â”â”â”â”â”â”â”â”â”â”â”â”â”â” 7.0/7.0 MB 435.3 MB/s eta 0:00:00
2025-12-24T07:56:26.311144145Z [inf]  

2025-12-24T07:56:26.317347644Z [inf]  Downloading pyasn1-0.6.1-py3-none-any.whl (83 kB)

2025-12-24T07:56:26.324409667Z [inf]  Downloading pydantic-2.12.5-py3-none-any.whl (463 kB)

2025-12-24T07:56:26.331730804Z [inf]  Downloading pydantic_core-2.41.5-cp312-cp312-manylinux_2_17_x86_64.manylinux2014_x86_64.whl (2.1 MB)

2025-12-24T07:56:26.337544521Z [inf]     â”â”â”â”â”â”â”â”â”â”â”â”â”â”â”â”â”â”â”â”â”â”â”â”â”â”â”â”â”â”â”â”â”â”â”â”â”â”â”â” 2.1/2.1 MB 558.5 MB/s eta 0:00:00
2025-12-24T07:56:26.337698217Z [inf]  

2025-12-24T07:56:26.343843546Z [inf]  Downloading python_dotenv-1.2.1-py3-none-any.whl (21 kB)

2025-12-24T07:56:26.350048668Z [inf]  Downloading pyyaml-6.0.3-cp312-cp312-manylinux2014_x86_64.manylinux_2_17_x86_64.manylinux_2_28_x86_64.whl (807 kB)

2025-12-24T07:56:26.353583707Z [inf]     â”â”â”â”â”â”â”â”â”â”â”â”â”â”â”â”â”â”â”â”â”â”â”â”â”â”â”â”â”â”â”â”â”â”â”â”â”â”â” 807.9/807.9 kB 571.6 MB/s eta 0:00:00
2025-12-24T07:56:26.353739353Z [inf]  

2025-12-24T07:56:26.359762502Z [inf]  Downloading rsa-4.9.1-py3-none-any.whl (34 kB)

2025-12-24T07:56:26.366074559Z [inf]  Downloading six-1.17.0-py2.py3-none-any.whl (11 kB)

2025-12-24T07:56:26.372288674Z [inf]  Downloading starlette-0.50.0-py3-none-any.whl (74 kB)

2025-12-24T07:56:26.378739383Z [inf]  Downloading anyio-4.12.0-py3-none-any.whl (113 kB)

2025-12-24T07:56:26.384944288Z [inf]  Downloading idna-3.11-py3-none-any.whl (71 kB)

2025-12-24T07:56:26.391228562Z [inf]  Downloading typing_extensions-4.15.0-py3-none-any.whl (44 kB)

2025-12-24T07:56:26.397247761Z [inf]  Downloading typing_inspection-0.4.2-py3-none-any.whl (14 kB)

2025-12-24T07:56:26.40345729Z [inf]  Downloading urllib3-2.6.2-py3-none-any.whl (131 kB)

2025-12-24T07:56:26.42435962Z [inf]  Downloading uvloop-0.22.1-cp312-cp312-manylinux2014_x86_64.manylinux_2_17_x86_64.manylinux_2_28_x86_64.whl (4.4 MB)

2025-12-24T07:56:26.45716052Z [inf]     â”â”â”â”â”â”â”â”â”â”â”â”â”â”â”â”â”â”â”â”â”â”â”â”â”â”â”â”â”â”â”â”â”â”â”â”â”â”â”â” 4.4/4.4 MB 139.1 MB/s eta 0:00:00
2025-12-24T07:56:26.457293625Z [inf]  

2025-12-24T07:56:26.464766666Z [inf]  Downloading watchfiles-1.1.1-cp312-cp312-manylinux_2_17_x86_64.manylinux2014_x86_64.whl (456 kB)

2025-12-24T07:56:26.472162979Z [inf]  Downloading websockets-15.0.1-cp312-cp312-manylinux_2_5_x86_64.manylinux1_x86_64.manylinux_2_17_x86_64.manylinux2014_x86_64.whl (182 kB)

2025-12-24T07:56:26.478680312Z [inf]  Downloading certifi-2025.11.12-py3-none-any.whl (159 kB)

2025-12-24T07:56:26.485639501Z [inf]  Downloading annotated_types-0.7.0-py3-none-any.whl (13 kB)

2025-12-24T07:56:26.491948877Z [inf]  Downloading cffi-2.0.0-cp312-cp312-manylinux2014_x86_64.manylinux_2_17_x86_64.whl (219 kB)

2025-12-24T07:56:26.498687548Z [inf]  Downloading pycparser-2.23-py3-none-any.whl (118 kB)

2025-12-24T07:56:26.693658408Z [inf]  Installing collected packages: websockets, uvloop, urllib3, typing-extensions, six, qrcode, pyyaml, python-multipart, python-dotenv, pycparser, pyasn1, psycopg2-binary, pillow, MarkupSafe, idna, httptools, h11, greenlet, click, certifi, annotated-types, annotated-doc, uvicorn, typing-inspection, sqlalchemy, rsa, pydantic-core, jinja2, httpcore, ecdsa, cloudinary, cffi, anyio, watchfiles, starlette, python-jose, pydantic, httpx, cryptography, pydantic-settings, fastapi

2025-12-24T07:56:30.943870374Z [inf]  Successfully installed MarkupSafe-3.0.3 annotated-doc-0.0.4 annotated-types-0.7.0 anyio-4.12.0 certifi-2025.11.12 cffi-2.0.0 click-8.3.1 cloudinary-1.44.1 cryptography-46.0.3 ecdsa-0.19.1 fastapi-0.127.0 greenlet-3.3.0 h11-0.16.0 httpcore-1.0.9 httptools-0.7.1 httpx-0.28.1 idna-3.11 jinja2-3.1.6 pillow-12.0.0 psycopg2-binary-2.9.11 pyasn1-0.6.1 pycparser-2.23 pydantic-2.12.5 pydantic-core-2.41.5 pydantic-settings-2.12.0 python-dotenv-1.2.1 python-jose-3.5.0 python-multipart-0.0.21 pyyaml-6.0.3 qrcode-8.2 rsa-4.9.1 six-1.17.0 sqlalchemy-2.0.45 starlette-0.50.0 typing-extensions-4.15.0 typing-inspection-0.4.2 urllib3-2.6.2 uvicorn-0.40.0 uvloop-0.22.1 watchfiles-1.1.1 websockets-15.0.1

2025-12-24T07:56:31.593354112Z [inf]  [stage-0 6/8] RUN --mount=type=cache,id=s/8dbe4f37-75da-4b1a-a6f8-63b71fa47c6a-/root/cache/pip,target=/root/.cache/pip python -m venv --copies /opt/venv && . /opt/venv/bin/activate && pip install -r requirements.txt
2025-12-24T07:56:31.594328595Z [inf]  [stage-0 7/8] RUN printf '\nPATH=/opt/venv/bin:$PATH' >> /root/.profile
2025-12-24T07:56:31.721665284Z [inf]  [stage-0 7/8] RUN printf '\nPATH=/opt/venv/bin:$PATH' >> /root/.profile
2025-12-24T07:56:31.723016313Z [inf]  [stage-0 8/8] COPY . /app
2025-12-24T07:56:31.745816332Z [inf]  [stage-0 8/8] COPY . /app
2025-12-24T07:56:31.747740637Z [inf]  exporting to docker image format
2025-12-24T07:56:31.747760592Z [inf]  exporting to image
2025-12-24T07:56:38.599322080Z [inf]  [auth] sharing credentials for production-europe-west4-drams3a.railway-registry.com
2025-12-24T07:56:38.599393534Z [inf]  [auth] sharing credentials for production-europe-west4-drams3a.railway-registry.com
2025-12-24T07:56:40.813012973Z [inf]  importing to docker
2025-12-24T07:56:53.894037871Z [inf]  importing to docker
2025-12-24T07:56:54.786634590Z [inf]  === Successfully Built! ===
2025-12-24T07:56:54.786681572Z [inf]  Run:
2025-12-24T07:56:54.786688353Z [inf]  docker run -it production-europe-west4-drams3a.railway-registry.com/8dbe4f37-75da-4b1a-a6f8-63b71fa47c6a:644fca2b-4e6a-4d9f-8d43-e36b0cda6066
2025-12-24T07:56:54.931187266Z [inf]  [92mBuild time: 36.94 seconds[0m
2025-12-24T07:57:12.107095867Z [inf]  
2025-12-24T07:57:12.107173557Z [inf]  [35m====================
Starting Healthcheck
====================
[0m
2025-12-24T07:57:12.107176860Z [inf]  [37mPath: /[0m
2025-12-24T07:57:12.107178718Z [inf]  [37mRetry window: 1m40s[0m
2025-12-24T07:57:12.107182882Z [inf]  
2025-12-24T07:57:22.298458836Z [inf]  [93mAttempt #1 failed with service unavailable. Continuing to retry for 1m29s[0m
2025-12-24T07:57:23.450540967Z [inf]  [93mAttempt #2 failed with service unavailable. Continuing to retry for 1m28s[0m
2025-12-24T07:57:25.604186707Z [inf]  [93mAttempt #3 failed with service unavailable. Continuing to retry for 1m26s[0m
2025-12-24T07:57:29.757389789Z [inf]  [93mAttempt #4 failed with service unavailable. Continuing to retry for 1m22s[0m
2025-12-24T07:57:37.910281950Z [inf]  [93mAttempt #5 failed with service unavailable. Continuing to retry for 1m14s[0m
2025-12-24T07:57:54.070333319Z [inf]  [93mAttempt #6 failed with service unavailable. Continuing to retry for 58s[0m
2025-12-24T07:58:24.224136343Z [inf]  [93mAttempt #7 failed with service unavailable. Continuing to retry for 27s[0m
2025-12-24T07:58:24.268972529Z [inf]  
2025-12-24T07:58:24.269049208Z [inf]  [91m1/1 replicas never became healthy![0m
2025-12-24T07:58:24.269051125Z [inf]  [91mHealthcheck failed![0m