2025-12-24T08:45:28.313035064Z [inf]  
2025-12-24T08:45:30.619013855Z [inf]  [35m[Region: europe-west4][0m
2025-12-24T08:45:30.622668152Z [inf]  [35m==============
2025-12-24T08:45:30.622697421Z [inf]  Using Nixpacks
2025-12-24T08:45:30.622702558Z [inf]  ==============
2025-12-24T08:45:30.622706584Z [inf]  [0m
2025-12-24T08:45:30.622782976Z [inf]  context: 28qq-G3Nc
2025-12-24T08:45:30.742029175Z [inf]  â•”â•â•â•â•â•â•â•â•â•â•â•â•â•â•â•â•â•â•â•â•â•â•â•â•â•â•â•â•â•â• Nixpacks v1.38.0 â•â•â•â•â•â•â•â•â•â•â•â•â•â•â•â•â•â•â•â•â•â•â•â•â•â•â•â•â•â•â•—
2025-12-24T08:45:30.742082522Z [inf]  â•‘ setup      â”‚ python3, postgresql_16.dev, gcc                                 â•‘
2025-12-24T08:45:30.742090107Z [inf]  â•‘â”€â”€â”€â”€â”€â”€â”€â”€â”€â”€â”€â”€â”€â”€â”€â”€â”€â”€â”€â”€â”€â”€â”€â”€â”€â”€â”€â”€â”€â”€â”€â”€â”€â”€â”€â”€â”€â”€â”€â”€â”€â”€â”€â”€â”€â”€â”€â”€â”€â”€â”€â”€â”€â”€â”€â”€â”€â”€â”€â”€â”€â”€â”€â”€â”€â”€â”€â”€â”€â”€â”€â”€â”€â”€â”€â”€â”€â”€â•‘
2025-12-24T08:45:30.742094794Z [inf]  â•‘ install    â”‚ python -m venv --copies /opt/venv && . /opt/venv/bin/activate   â•‘
2025-12-24T08:45:30.742101883Z [inf]  â•‘            â”‚ && pip install -r requirements.txt                              â•‘
2025-12-24T08:45:30.742106432Z [inf]  â•‘â”€â”€â”€â”€â”€â”€â”€â”€â”€â”€â”€â”€â”€â”€â”€â”€â”€â”€â”€â”€â”€â”€â”€â”€â”€â”€â”€â”€â”€â”€â”€â”€â”€â”€â”€â”€â”€â”€â”€â”€â”€â”€â”€â”€â”€â”€â”€â”€â”€â”€â”€â”€â”€â”€â”€â”€â”€â”€â”€â”€â”€â”€â”€â”€â”€â”€â”€â”€â”€â”€â”€â”€â”€â”€â”€â”€â”€â”€â•‘
2025-12-24T08:45:30.742111466Z [inf]  â•‘ start      â”‚ uvicorn app.main:app --host 0.0.0.0 --port $PORT                â•‘
2025-12-24T08:45:30.742115962Z [inf]  â•šâ•â•â•â•â•â•â•â•â•â•â•â•â•â•â•â•â•â•â•â•â•â•â•â•â•â•â•â•â•â•â•â•â•â•â•â•â•â•â•â•â•â•â•â•â•â•â•â•â•â•â•â•â•â•â•â•â•â•â•â•â•â•â•â•â•â•â•â•â•â•â•â•â•â•â•â•â•â•â•
2025-12-24T08:45:31.055804111Z [inf]  [internal] load build definition from Dockerfile
2025-12-24T08:45:31.055875422Z [inf]  [internal] load build definition from Dockerfile
2025-12-24T08:45:31.055896335Z [inf]  [internal] load build definition from Dockerfile
2025-12-24T08:45:31.068520724Z [inf]  [internal] load build definition from Dockerfile
2025-12-24T08:45:31.071370124Z [inf]  [internal] load metadata for ghcr.io/railwayapp/nixpacks:ubuntu-1745885067
2025-12-24T08:45:31.354693407Z [inf]  [internal] load metadata for ghcr.io/railwayapp/nixpacks:ubuntu-1745885067
2025-12-24T08:45:31.355160994Z [inf]  [internal] load .dockerignore
2025-12-24T08:45:31.355244532Z [inf]  [internal] load .dockerignore
2025-12-24T08:45:31.355503759Z [inf]  [internal] load .dockerignore
2025-12-24T08:45:31.366603494Z [inf]  [internal] load .dockerignore
2025-12-24T08:45:31.372869567Z [inf]  [internal] load build context
2025-12-24T08:45:31.373007592Z [inf]  [internal] load build context
2025-12-24T08:45:31.440145017Z [inf]  [internal] load build context
2025-12-24T08:45:31.444452844Z [inf]  [stage-0 3/8] COPY .nixpacks/nixpkgs-bc8f8d1be58e8c8383e683a06e1e1e57893fff87.nix .nixpacks/nixpkgs-bc8f8d1be58e8c8383e683a06e1e1e57893fff87.nix
2025-12-24T08:45:31.444519320Z [inf]  [stage-0 4/8] RUN nix-env -if .nixpacks/nixpkgs-bc8f8d1be58e8c8383e683a06e1e1e57893fff87.nix && nix-collect-garbage -d
2025-12-24T08:45:31.444620044Z [inf]  [stage-0 5/8] COPY . /app/.
2025-12-24T08:45:31.517018371Z [inf]  [stage-0 5/8] COPY . /app/.
2025-12-24T08:45:31.523571922Z [inf]  [stage-0 6/8] RUN --mount=type=cache,id=s/8dbe4f37-75da-4b1a-a6f8-63b71fa47c6a-/root/cache/pip,target=/root/.cache/pip python -m venv --copies /opt/venv && . /opt/venv/bin/activate && pip install -r requirements.txt
2025-12-24T08:45:35.47621482Z [inf]  Collecting fastapi>=0.104.0 (from -r requirements.txt (line 1))

2025-12-24T08:45:35.510016701Z [inf]    Downloading fastapi-0.127.0-py3-none-any.whl.metadata (30 kB)

2025-12-24T08:45:35.566772278Z [inf]  Collecting uvicorn>=0.24.0 (from uvicorn[standard]>=0.24.0->-r requirements.txt (line 2))

2025-12-24T08:45:35.573591903Z [inf]    Downloading uvicorn-0.40.0-py3-none-any.whl.metadata (6.7 kB)

2025-12-24T08:45:36.005593687Z [inf]  Collecting sqlalchemy>=2.0.0 (from -r requirements.txt (line 3))

2025-12-24T08:45:36.01303238Z [inf]    Downloading sqlalchemy-2.0.45-cp312-cp312-manylinux2014_x86_64.manylinux_2_17_x86_64.manylinux_2_28_x86_64.whl.metadata (9.5 kB)

2025-12-24T08:45:36.045151951Z [inf]  Collecting pydantic-settings>=2.0.0 (from -r requirements.txt (line 4))

2025-12-24T08:45:36.051874158Z [inf]    Downloading pydantic_settings-2.12.0-py3-none-any.whl.metadata (3.4 kB)

2025-12-24T08:45:36.069975868Z [inf]  Collecting python-multipart>=0.0.6 (from -r requirements.txt (line 5))

2025-12-24T08:45:36.076293887Z [inf]    Downloading python_multipart-0.0.21-py3-none-any.whl.metadata (1.8 kB)

2025-12-24T08:45:36.097583793Z [inf]  Collecting jinja2>=3.1.2 (from -r requirements.txt (line 6))

2025-12-24T08:45:36.10427505Z [inf]    Downloading jinja2-3.1.6-py3-none-any.whl.metadata (2.9 kB)

2025-12-24T08:45:36.135981733Z [inf]  Collecting httpx>=0.25.0 (from -r requirements.txt (line 7))

2025-12-24T08:45:36.142655847Z [inf]    Downloading httpx-0.28.1-py3-none-any.whl.metadata (7.1 kB)

2025-12-24T08:45:36.160139212Z [inf]  Collecting python-jose>=3.3.0 (from python-jose[cryptography]>=3.3.0->-r requirements.txt (line 8))

2025-12-24T08:45:36.166762188Z [inf]    Downloading python_jose-3.5.0-py2.py3-none-any.whl.metadata (5.5 kB)

2025-12-24T08:45:36.183909032Z [inf]  Collecting qrcode>=7.4 (from qrcode[pil]>=7.4->-r requirements.txt (line 9))

2025-12-24T08:45:36.190236993Z [inf]    Downloading qrcode-8.2-py3-none-any.whl.metadata (17 kB)

2025-12-24T08:45:36.279327243Z [inf]  Collecting psycopg2-binary>=2.9.9 (from -r requirements.txt (line 10))

2025-12-24T08:45:36.286538511Z [inf]    Downloading psycopg2_binary-2.9.11-cp312-cp312-manylinux2014_x86_64.manylinux_2_17_x86_64.whl.metadata (4.9 kB)

2025-12-24T08:45:36.306356515Z [inf]  Collecting cloudinary>=1.36.0 (from -r requirements.txt (line 11))

2025-12-24T08:45:36.313993144Z [inf]    Downloading cloudinary-1.44.1-py3-none-any.whl.metadata (8.0 kB)

2025-12-24T08:45:36.370585179Z [inf]  Collecting starlette<0.51.0,>=0.40.0 (from fastapi>=0.104.0->-r requirements.txt (line 1))

2025-12-24T08:45:36.377335245Z [inf]    Downloading starlette-0.50.0-py3-none-any.whl.metadata (6.3 kB)

2025-12-24T08:45:36.557194682Z [inf]  Collecting pydantic>=2.7.0 (from fastapi>=0.104.0->-r requirements.txt (line 1))

2025-12-24T08:45:36.564212968Z [inf]    Downloading pydantic-2.12.5-py3-none-any.whl.metadata (90 kB)

2025-12-24T08:45:36.595678077Z [inf]  Collecting typing-extensions>=4.8.0 (from fastapi>=0.104.0->-r requirements.txt (line 1))

2025-12-24T08:45:36.602020436Z [inf]    Downloading typing_extensions-4.15.0-py3-none-any.whl.metadata (3.3 kB)

2025-12-24T08:45:36.612139507Z [inf]  Collecting annotated-doc>=0.0.2 (from fastapi>=0.104.0->-r requirements.txt (line 1))

2025-12-24T08:45:36.619115464Z [inf]    Downloading annotated_doc-0.0.4-py3-none-any.whl.metadata (6.6 kB)

2025-12-24T08:45:36.653230868Z [inf]  Collecting click>=7.0 (from uvicorn>=0.24.0->uvicorn[standard]>=0.24.0->-r requirements.txt (line 2))

2025-12-24T08:45:36.660095456Z [inf]    Downloading click-8.3.1-py3-none-any.whl.metadata (2.6 kB)

2025-12-24T08:45:36.673454758Z [inf]  Collecting h11>=0.8 (from uvicorn>=0.24.0->uvicorn[standard]>=0.24.0->-r requirements.txt (line 2))

2025-12-24T08:45:36.679997422Z [inf]    Downloading h11-0.16.0-py3-none-any.whl.metadata (8.3 kB)

2025-12-24T08:45:36.868329101Z [inf]  Collecting greenlet>=1 (from sqlalchemy>=2.0.0->-r requirements.txt (line 3))

2025-12-24T08:45:36.875421415Z [inf]    Downloading greenlet-3.3.0-cp312-cp312-manylinux_2_24_x86_64.manylinux_2_28_x86_64.whl.metadata (4.1 kB)

2025-12-24T08:45:36.902374028Z [inf]  Collecting python-dotenv>=0.21.0 (from pydantic-settings>=2.0.0->-r requirements.txt (line 4))

2025-12-24T08:45:36.908871661Z [inf]    Downloading python_dotenv-1.2.1-py3-none-any.whl.metadata (25 kB)

2025-12-24T08:45:36.922554055Z [inf]  Collecting typing-inspection>=0.4.0 (from pydantic-settings>=2.0.0->-r requirements.txt (line 4))

2025-12-24T08:45:36.928958314Z [inf]    Downloading typing_inspection-0.4.2-py3-none-any.whl.metadata (2.6 kB)

2025-12-24T08:45:37.060276409Z [inf]  Collecting MarkupSafe>=2.0 (from jinja2>=3.1.2->-r requirements.txt (line 6))

2025-12-24T08:45:37.071157608Z [inf]    Downloading markupsafe-3.0.3-cp312-cp312-manylinux2014_x86_64.manylinux_2_17_x86_64.manylinux_2_28_x86_64.whl.metadata (2.7 kB)

2025-12-24T08:45:37.108772658Z [inf]  Collecting anyio (from httpx>=0.25.0->-r requirements.txt (line 7))

2025-12-24T08:45:37.116034898Z [inf]    Downloading anyio-4.12.0-py3-none-any.whl.metadata (4.3 kB)

2025-12-24T08:45:37.145875992Z [inf]  Collecting certifi (from httpx>=0.25.0->-r requirements.txt (line 7))

2025-12-24T08:45:37.153597308Z [inf]    Downloading certifi-2025.11.12-py3-none-any.whl.metadata (2.5 kB)

2025-12-24T08:45:37.185886204Z [inf]  Collecting httpcore==1.* (from httpx>=0.25.0->-r requirements.txt (line 7))

2025-12-24T08:45:37.192719427Z [inf]    Downloading httpcore-1.0.9-py3-none-any.whl.metadata (21 kB)

2025-12-24T08:45:37.211909845Z [inf]  Collecting idna (from httpx>=0.25.0->-r requirements.txt (line 7))

2025-12-24T08:45:37.218236465Z [inf]    Downloading idna-3.11-py3-none-any.whl.metadata (8.4 kB)

2025-12-24T08:45:37.241173657Z [inf]  Collecting ecdsa!=0.15 (from python-jose>=3.3.0->python-jose[cryptography]>=3.3.0->-r requirements.txt (line 8))

2025-12-24T08:45:37.247753298Z [inf]    Downloading ecdsa-0.19.1-py2.py3-none-any.whl.metadata (29 kB)

2025-12-24T08:45:37.270095319Z [inf]  Collecting rsa!=4.1.1,!=4.4,<5.0,>=4.0 (from python-jose>=3.3.0->python-jose[cryptography]>=3.3.0->-r requirements.txt (line 8))

2025-12-24T08:45:37.276879731Z [inf]    Downloading rsa-4.9.1-py3-none-any.whl.metadata (5.6 kB)

2025-12-24T08:45:37.307501948Z [inf]  Collecting pyasn1>=0.5.0 (from python-jose>=3.3.0->python-jose[cryptography]>=3.3.0->-r requirements.txt (line 8))

2025-12-24T08:45:37.314197292Z [inf]    Downloading pyasn1-0.6.1-py3-none-any.whl.metadata (8.4 kB)

2025-12-24T08:45:37.33310036Z [inf]  Collecting six (from cloudinary>=1.36.0->-r requirements.txt (line 11))

2025-12-24T08:45:37.339525527Z [inf]    Downloading six-1.17.0-py2.py3-none-any.whl.metadata (1.7 kB)

2025-12-24T08:45:37.389858858Z [inf]  Collecting urllib3>=1.26.5 (from cloudinary>=1.36.0->-r requirements.txt (line 11))

2025-12-24T08:45:37.396394807Z [inf]    Downloading urllib3-2.6.2-py3-none-any.whl.metadata (6.6 kB)

2025-12-24T08:45:37.735470186Z [inf]  Collecting cryptography>=3.4.0 (from python-jose[cryptography]>=3.3.0->-r requirements.txt (line 8))

2025-12-24T08:45:37.74222482Z [inf]    Downloading cryptography-46.0.3-cp311-abi3-manylinux_2_34_x86_64.whl.metadata (5.7 kB)

2025-12-24T08:45:37.986732202Z [inf]  Collecting pillow>=9.1.0 (from qrcode[pil]>=7.4->-r requirements.txt (line 9))

2025-12-24T08:45:37.993754243Z [inf]    Downloading pillow-12.0.0-cp312-cp312-manylinux_2_27_x86_64.manylinux_2_28_x86_64.whl.metadata (8.8 kB)

2025-12-24T08:45:38.039019846Z [inf]  Collecting httptools>=0.6.3 (from uvicorn[standard]>=0.24.0->-r requirements.txt (line 2))

2025-12-24T08:45:38.04579583Z [inf]    Downloading httptools-0.7.1-cp312-cp312-manylinux1_x86_64.manylinux_2_28_x86_64.manylinux_2_5_x86_64.whl.metadata (3.5 kB)

2025-12-24T08:45:38.109431053Z [inf]  Collecting pyyaml>=5.1 (from uvicorn[standard]>=0.24.0->-r requirements.txt (line 2))

2025-12-24T08:45:38.117058942Z [inf]    Downloading pyyaml-6.0.3-cp312-cp312-manylinux2014_x86_64.manylinux_2_17_x86_64.manylinux_2_28_x86_64.whl.metadata (2.4 kB)

2025-12-24T08:45:38.194864025Z [inf]  Collecting uvloop>=0.15.1 (from uvicorn[standard]>=0.24.0->-r requirements.txt (line 2))

2025-12-24T08:45:38.202735945Z [inf]    Downloading uvloop-0.22.1-cp312-cp312-manylinux2014_x86_64.manylinux_2_17_x86_64.manylinux_2_28_x86_64.whl.metadata (4.9 kB)

2025-12-24T08:45:38.330970263Z [inf]  Collecting watchfiles>=0.13 (from uvicorn[standard]>=0.24.0->-r requirements.txt (line 2))

2025-12-24T08:45:38.337952114Z [inf]    Downloading watchfiles-1.1.1-cp312-cp312-manylinux_2_17_x86_64.manylinux2014_x86_64.whl.metadata (4.9 kB)

2025-12-24T08:45:38.538907693Z [inf]  Collecting websockets>=10.4 (from uvicorn[standard]>=0.24.0->-r requirements.txt (line 2))

2025-12-24T08:45:38.546176253Z [inf]    Downloading websockets-15.0.1-cp312-cp312-manylinux_2_5_x86_64.manylinux1_x86_64.manylinux_2_17_x86_64.manylinux2014_x86_64.whl.metadata (6.8 kB)

2025-12-24T08:45:38.689503545Z [inf]  Collecting cffi>=2.0.0 (from cryptography>=3.4.0->python-jose[cryptography]>=3.3.0->-r requirements.txt (line 8))

2025-12-24T08:45:38.696153831Z [inf]    Downloading cffi-2.0.0-cp312-cp312-manylinux2014_x86_64.manylinux_2_17_x86_64.whl.metadata (2.6 kB)

2025-12-24T08:45:38.721978644Z [inf]  Collecting annotated-types>=0.6.0 (from pydantic>=2.7.0->fastapi>=0.104.0->-r requirements.txt (line 1))

2025-12-24T08:45:38.728479539Z [inf]    Downloading annotated_types-0.7.0-py3-none-any.whl.metadata (15 kB)

2025-12-24T08:45:39.805653461Z [inf]  Collecting pydantic-core==2.41.5 (from pydantic>=2.7.0->fastapi>=0.104.0->-r requirements.txt (line 1))

2025-12-24T08:45:39.812393711Z [inf]    Downloading pydantic_core-2.41.5-cp312-cp312-manylinux_2_17_x86_64.manylinux2014_x86_64.whl.metadata (7.3 kB)

2025-12-24T08:45:39.882037794Z [inf]  Collecting pycparser (from cffi>=2.0.0->cryptography>=3.4.0->python-jose[cryptography]>=3.3.0->-r requirements.txt (line 8))

2025-12-24T08:45:39.888387003Z [inf]    Downloading pycparser-2.23-py3-none-any.whl.metadata (993 bytes)

2025-12-24T08:45:39.905100577Z [inf]  Downloading fastapi-0.127.0-py3-none-any.whl (112 kB)

2025-12-24T08:45:39.912501753Z [inf]  Downloading uvicorn-0.40.0-py3-none-any.whl (68 kB)

2025-12-24T08:45:39.919368479Z [inf]  Downloading sqlalchemy-2.0.45-cp312-cp312-manylinux2014_x86_64.manylinux_2_17_x86_64.manylinux_2_28_x86_64.whl (3.3 MB)

2025-12-24T08:45:39.954036101Z [inf]     â”â”â”â”â”â”â”â”â”â”â”â”â”â”â”â”â”â”â”â”â”â”â”â”â”â”â”â”â”â”â”â”â”â”â”â”â”â”â”â” 3.3/3.3 MB 116.0 MB/s eta 0:00:00
2025-12-24T08:45:39.95425121Z [inf]  

2025-12-24T08:45:39.961081495Z [inf]  Downloading pydantic_settings-2.12.0-py3-none-any.whl (51 kB)

2025-12-24T08:45:39.96783041Z [inf]  Downloading python_multipart-0.0.21-py3-none-any.whl (24 kB)

2025-12-24T08:45:39.974713631Z [inf]  Downloading jinja2-3.1.6-py3-none-any.whl (134 kB)

2025-12-24T08:45:39.981841268Z [inf]  Downloading httpx-0.28.1-py3-none-any.whl (73 kB)

2025-12-24T08:45:39.98850081Z [inf]  Downloading httpcore-1.0.9-py3-none-any.whl (78 kB)

2025-12-24T08:45:39.995146366Z [inf]  Downloading python_jose-3.5.0-py2.py3-none-any.whl (34 kB)

2025-12-24T08:45:40.002168384Z [inf]  Downloading qrcode-8.2-py3-none-any.whl (45 kB)

2025-12-24T08:45:40.009806615Z [inf]  Downloading psycopg2_binary-2.9.11-cp312-cp312-manylinux2014_x86_64.manylinux_2_17_x86_64.whl (4.2 MB)

2025-12-24T08:45:40.022369144Z [inf]     â”â”â”â”â”â”â”â”â”â”â”â”â”â”â”â”â”â”â”â”â”â”â”â”â”â”â”â”â”â”â”â”â”â”â”â”â”â”â”â” 4.2/4.2 MB 438.3 MB/s eta 0:00:00
2025-12-24T08:45:40.022490952Z [inf]  

2025-12-24T08:45:40.030061646Z [inf]  Downloading cloudinary-1.44.1-py3-none-any.whl (147 kB)

2025-12-24T08:45:40.039002542Z [inf]  Downloading annotated_doc-0.0.4-py3-none-any.whl (5.3 kB)

2025-12-24T08:45:40.045810674Z [inf]  Downloading click-8.3.1-py3-none-any.whl (108 kB)

2025-12-24T08:45:40.053540317Z [inf]  Downloading cryptography-46.0.3-cp311-abi3-manylinux_2_34_x86_64.whl (4.5 MB)

2025-12-24T08:45:40.070668924Z [inf]     â”â”â”â”â”â”â”â”â”â”â”â”â”â”â”â”â”â”â”â”â”â”â”â”â”â”â”â”â”â”â”â”â”â”â”â”â”â”â”â” 4.5/4.5 MB 308.9 MB/s eta 0:00:00
2025-12-24T08:45:40.070808362Z [inf]  

2025-12-24T08:45:40.077561289Z [inf]  Downloading ecdsa-0.19.1-py2.py3-none-any.whl (150 kB)

2025-12-24T08:45:40.085207164Z [inf]  Downloading greenlet-3.3.0-cp312-cp312-manylinux_2_24_x86_64.manylinux_2_28_x86_64.whl (609 kB)

2025-12-24T08:45:40.09066349Z [inf]     â”â”â”â”â”â”â”â”â”â”â”â”â”â”â”â”â”â”â”â”â”â”â”â”â”â”â”â”â”â”â”â”â”â”â”â”â”â”â” 609.9/609.9 kB 323.7 MB/s eta 0:00:00
2025-12-24T08:45:40.090735555Z [inf]  

2025-12-24T08:45:40.097202198Z [inf]  Downloading h11-0.16.0-py3-none-any.whl (37 kB)

2025-12-24T08:45:40.105662059Z [inf]  Downloading httptools-0.7.1-cp312-cp312-manylinux1_x86_64.manylinux_2_28_x86_64.manylinux_2_5_x86_64.whl (517 kB)

2025-12-24T08:45:40.114881099Z [inf]  Downloading markupsafe-3.0.3-cp312-cp312-manylinux2014_x86_64.manylinux_2_17_x86_64.manylinux_2_28_x86_64.whl (22 kB)

2025-12-24T08:45:40.121821663Z [inf]  Downloading pillow-12.0.0-cp312-cp312-manylinux_2_27_x86_64.manylinux_2_28_x86_64.whl (7.0 MB)

2025-12-24T08:45:40.148708825Z [inf]     â”â”â”â”â”â”â”â”â”â”â”â”â”â”â”â”â”â”â”â”â”â”â”â”â”â”â”â”â”â”â”â”â”â”â”â”â”â”â”â” 7.0/7.0 MB 308.1 MB/s eta 0:00:00
2025-12-24T08:45:40.148936574Z [inf]  

2025-12-24T08:45:40.156483865Z [inf]  Downloading pyasn1-0.6.1-py3-none-any.whl (83 kB)

2025-12-24T08:45:40.163465614Z [inf]  Downloading pydantic-2.12.5-py3-none-any.whl (463 kB)

2025-12-24T08:45:40.172039982Z [inf]  Downloading pydantic_core-2.41.5-cp312-cp312-manylinux_2_17_x86_64.manylinux2014_x86_64.whl (2.1 MB)

2025-12-24T08:45:40.183972016Z [inf]     â”â”â”â”â”â”â”â”â”â”â”â”â”â”â”â”â”â”â”â”â”â”â”â”â”â”â”â”â”â”â”â”â”â”â”â”â”â”â”â” 2.1/2.1 MB 211.4 MB/s eta 0:00:00
2025-12-24T08:45:40.18412286Z [inf]  

2025-12-24T08:45:40.190694394Z [inf]  Downloading python_dotenv-1.2.1-py3-none-any.whl (21 kB)

2025-12-24T08:45:40.197237128Z [inf]  Downloading pyyaml-6.0.3-cp312-cp312-manylinux2014_x86_64.manylinux_2_17_x86_64.manylinux_2_28_x86_64.whl (807 kB)

2025-12-24T08:45:40.201401974Z [inf]     â”â”â”â”â”â”â”â”â”â”â”â”â”â”â”â”â”â”â”â”â”â”â”â”â”â”â”â”â”â”â”â”â”â”â”â”â”â”â” 807.9/807.9 kB 487.4 MB/s eta 0:00:00
2025-12-24T08:45:40.201532393Z [inf]  

2025-12-24T08:45:40.208035776Z [inf]  Downloading rsa-4.9.1-py3-none-any.whl (34 kB)

2025-12-24T08:45:40.214810863Z [inf]  Downloading six-1.17.0-py2.py3-none-any.whl (11 kB)

2025-12-24T08:45:40.22309473Z [inf]  Downloading starlette-0.50.0-py3-none-any.whl (74 kB)

2025-12-24T08:45:40.230018586Z [inf]  Downloading anyio-4.12.0-py3-none-any.whl (113 kB)

2025-12-24T08:45:40.236980314Z [inf]  Downloading idna-3.11-py3-none-any.whl (71 kB)

2025-12-24T08:45:40.243615046Z [inf]  Downloading typing_extensions-4.15.0-py3-none-any.whl (44 kB)

2025-12-24T08:45:40.250531394Z [inf]  Downloading typing_inspection-0.4.2-py3-none-any.whl (14 kB)

2025-12-24T08:45:40.257248544Z [inf]  Downloading urllib3-2.6.2-py3-none-any.whl (131 kB)

2025-12-24T08:45:40.266117536Z [inf]  Downloading uvloop-0.22.1-cp312-cp312-manylinux2014_x86_64.manylinux_2_17_x86_64.manylinux_2_28_x86_64.whl (4.4 MB)

2025-12-24T08:45:40.28294298Z [inf]     â”â”â”â”â”â”â”â”â”â”â”â”â”â”â”â”â”â”â”â”â”â”â”â”â”â”â”â”â”â”â”â”â”â”â”â”â”â”â”â” 4.4/4.4 MB 313.6 MB/s eta 0:00:00
2025-12-24T08:45:40.28313258Z [inf]  

2025-12-24T08:45:40.291406112Z [inf]  Downloading watchfiles-1.1.1-cp312-cp312-manylinux_2_17_x86_64.manylinux2014_x86_64.whl (456 kB)

2025-12-24T08:45:40.300010597Z [inf]  Downloading websockets-15.0.1-cp312-cp312-manylinux_2_5_x86_64.manylinux1_x86_64.manylinux_2_17_x86_64.manylinux2014_x86_64.whl (182 kB)

2025-12-24T08:45:40.306994727Z [inf]  Downloading certifi-2025.11.12-py3-none-any.whl (159 kB)

2025-12-24T08:45:40.313529698Z [inf]  Downloading annotated_types-0.7.0-py3-none-any.whl (13 kB)

2025-12-24T08:45:40.320030597Z [inf]  Downloading cffi-2.0.0-cp312-cp312-manylinux2014_x86_64.manylinux_2_17_x86_64.whl (219 kB)

2025-12-24T08:45:40.327107629Z [inf]  Downloading pycparser-2.23-py3-none-any.whl (118 kB)

2025-12-24T08:45:40.52906338Z [inf]  Installing collected packages: websockets, uvloop, urllib3, typing-extensions, six, qrcode, pyyaml, python-multipart, python-dotenv, pycparser, pyasn1, psycopg2-binary, pillow, MarkupSafe, idna, httptools, h11, greenlet, click, certifi, annotated-types, annotated-doc, uvicorn, typing-inspection, sqlalchemy, rsa, pydantic-core, jinja2, httpcore, ecdsa, cloudinary, cffi, anyio, watchfiles, starlette, python-jose, pydantic, httpx, cryptography, pydantic-settings, fastapi

2025-12-24T08:45:44.967564851Z [inf]  Successfully installed MarkupSafe-3.0.3 annotated-doc-0.0.4 annotated-types-0.7.0 anyio-4.12.0 certifi-2025.11.12 cffi-2.0.0 click-8.3.1 cloudinary-1.44.1 cryptography-46.0.3 ecdsa-0.19.1 fastapi-0.127.0 greenlet-3.3.0 h11-0.16.0 httpcore-1.0.9 httptools-0.7.1 httpx-0.28.1 idna-3.11 jinja2-3.1.6 pillow-12.0.0 psycopg2-binary-2.9.11 pyasn1-0.6.1 pycparser-2.23 pydantic-2.12.5 pydantic-core-2.41.5 pydantic-settings-2.12.0 python-dotenv-1.2.1 python-jose-3.5.0 python-multipart-0.0.21 pyyaml-6.0.3 qrcode-8.2 rsa-4.9.1 six-1.17.0 sqlalchemy-2.0.45 starlette-0.50.0 typing-extensions-4.15.0 typing-inspection-0.4.2 urllib3-2.6.2 uvicorn-0.40.0 uvloop-0.22.1 watchfiles-1.1.1 websockets-15.0.1

2025-12-24T08:45:45.653029693Z [inf]  [stage-0 6/8] RUN --mount=type=cache,id=s/8dbe4f37-75da-4b1a-a6f8-63b71fa47c6a-/root/cache/pip,target=/root/.cache/pip python -m venv --copies /opt/venv && . /opt/venv/bin/activate && pip install -r requirements.txt
2025-12-24T08:45:45.653736908Z [inf]  [stage-0 7/8] RUN printf '\nPATH=/opt/venv/bin:$PATH' >> /root/.profile
2025-12-24T08:45:45.783705826Z [inf]  [stage-0 7/8] RUN printf '\nPATH=/opt/venv/bin:$PATH' >> /root/.profile
2025-12-24T08:45:45.785121170Z [inf]  [stage-0 8/8] COPY . /app
2025-12-24T08:45:45.886033912Z [inf]  [stage-0 8/8] COPY . /app
2025-12-24T08:45:45.888533164Z [inf]  exporting to docker image format
2025-12-24T08:45:45.888574699Z [inf]  exporting to image
2025-12-24T08:45:54.170212213Z [inf]  [auth] sharing credentials for production-europe-west4-drams3a.railway-registry.com
2025-12-24T08:45:54.170273658Z [inf]  [auth] sharing credentials for production-europe-west4-drams3a.railway-registry.com
2025-12-24T08:45:56.903961343Z [inf]  importing to docker
2025-12-24T08:46:12.342698890Z [inf]  importing to docker
2025-12-24T08:46:17.362393675Z [inf]  === Successfully Built! ===
2025-12-24T08:46:17.362433848Z [inf]  Run:
2025-12-24T08:46:17.362440850Z [inf]  docker run -it production-europe-west4-drams3a.railway-registry.com/8dbe4f37-75da-4b1a-a6f8-63b71fa47c6a:c5f55ba6-28bb-4aaf-989f-f08d44fee6d5
2025-12-24T08:46:17.505497752Z [inf]  [92mBuild time: 46.88 seconds[0m
2025-12-24T08:46:33.407496567Z [inf]  
2025-12-24T08:46:33.407565991Z [inf]  [35m====================
Starting Healthcheck
====================
[0m
2025-12-24T08:46:33.407568494Z [inf]  [37mPath: /[0m
2025-12-24T08:46:33.407569694Z [inf]  [37mRetry window: 1m40s[0m
2025-12-24T08:46:33.407570669Z [inf]  
2025-12-24T08:46:43.602351681Z [inf]  [93mAttempt #1 failed with service unavailable. Continuing to retry for 1m29s[0m
2025-12-24T08:46:44.768692666Z [inf]  [93mAttempt #2 failed with service unavailable. Continuing to retry for 1m28s[0m
2025-12-24T08:46:46.926402763Z [inf]  [93mAttempt #3 failed with service unavailable. Continuing to retry for 1m26s[0m
2025-12-24T08:46:51.091344841Z [inf]  [93mAttempt #4 failed with service unavailable. Continuing to retry for 1m22s[0m
2025-12-24T08:46:59.281852704Z [inf]  [93mAttempt #5 failed with service unavailable. Continuing to retry for 1m14s[0m
2025-12-24T08:47:15.438738599Z [inf]  [93mAttempt #6 failed with service unavailable. Continuing to retry for 57s[0m
2025-12-24T08:47:45.598629899Z [inf]  [93mAttempt #7 failed with service unavailable. Continuing to retry for 27s[0m
2025-12-24T08:47:45.661832010Z [inf]  
2025-12-24T08:47:45.661905372Z [inf]  [91m1/1 replicas never became healthy![0m
2025-12-24T08:47:45.661907922Z [inf]  [91mHealthcheck failed![0m