2025-12-24T07:46:27.295381073Z [inf]  
2025-12-24T07:46:29.420525602Z [inf]  [35m[Region: europe-west4][0m
2025-12-24T07:46:29.424827485Z [inf]  [35m==============
2025-12-24T07:46:29.424853629Z [inf]  Using Nixpacks
2025-12-24T07:46:29.424858876Z [inf]  ==============
2025-12-24T07:46:29.424863321Z [inf]  [0m
2025-12-24T07:46:29.424940384Z [inf]  context: 28qq-G3Nc
2025-12-24T07:46:29.514194762Z [inf]  â•”â•â•â•â•â•â•â•â•â•â•â•â•â•â•â•â•â•â•â•â•â•â•â•â•â•â•â•â•â•â• Nixpacks v1.38.0 â•â•â•â•â•â•â•â•â•â•â•â•â•â•â•â•â•â•â•â•â•â•â•â•â•â•â•â•â•â•â•—
2025-12-24T07:46:29.514238001Z [inf]  â•‘ setup      â”‚ python3, postgresql_16.dev, gcc                                 â•‘
2025-12-24T07:46:29.514245259Z [inf]  â•‘â”€â”€â”€â”€â”€â”€â”€â”€â”€â”€â”€â”€â”€â”€â”€â”€â”€â”€â”€â”€â”€â”€â”€â”€â”€â”€â”€â”€â”€â”€â”€â”€â”€â”€â”€â”€â”€â”€â”€â”€â”€â”€â”€â”€â”€â”€â”€â”€â”€â”€â”€â”€â”€â”€â”€â”€â”€â”€â”€â”€â”€â”€â”€â”€â”€â”€â”€â”€â”€â”€â”€â”€â”€â”€â”€â”€â”€â”€â•‘
2025-12-24T07:46:29.514250342Z [inf]  â•‘ install    â”‚ python -m venv --copies /opt/venv && . /opt/venv/bin/activate   â•‘
2025-12-24T07:46:29.514257697Z [inf]  â•‘            â”‚ && pip install -r requirements.txt                              â•‘
2025-12-24T07:46:29.514262687Z [inf]  â•‘â”€â”€â”€â”€â”€â”€â”€â”€â”€â”€â”€â”€â”€â”€â”€â”€â”€â”€â”€â”€â”€â”€â”€â”€â”€â”€â”€â”€â”€â”€â”€â”€â”€â”€â”€â”€â”€â”€â”€â”€â”€â”€â”€â”€â”€â”€â”€â”€â”€â”€â”€â”€â”€â”€â”€â”€â”€â”€â”€â”€â”€â”€â”€â”€â”€â”€â”€â”€â”€â”€â”€â”€â”€â”€â”€â”€â”€â”€â•‘
2025-12-24T07:46:29.514266907Z [inf]  â•‘ start      â”‚ uvicorn app.main:app --host 0.0.0.0 --port $PORT                â•‘
2025-12-24T07:46:29.514271656Z [inf]  â•šâ•â•â•â•â•â•â•â•â•â•â•â•â•â•â•â•â•â•â•â•â•â•â•â•â•â•â•â•â•â•â•â•â•â•â•â•â•â•â•â•â•â•â•â•â•â•â•â•â•â•â•â•â•â•â•â•â•â•â•â•â•â•â•â•â•â•â•â•â•â•â•â•â•â•â•â•â•â•â•
2025-12-24T07:46:29.746768379Z [inf]  [internal] load build definition from Dockerfile
2025-12-24T07:46:29.746831976Z [inf]  [internal] load build definition from Dockerfile
2025-12-24T07:46:29.746847683Z [inf]  [internal] load build definition from Dockerfile
2025-12-24T07:46:29.760955570Z [inf]  [internal] load build definition from Dockerfile
2025-12-24T07:46:29.763931076Z [inf]  [internal] load metadata for ghcr.io/railwayapp/nixpacks:ubuntu-1745885067
2025-12-24T07:46:30.626308858Z [inf]  [internal] load metadata for ghcr.io/railwayapp/nixpacks:ubuntu-1745885067
2025-12-24T07:46:30.628638247Z [inf]  [internal] load .dockerignore
2025-12-24T07:46:30.628764773Z [inf]  [internal] load .dockerignore
2025-12-24T07:46:30.628792429Z [inf]  [internal] load .dockerignore
2025-12-24T07:46:30.637567761Z [inf]  [internal] load .dockerignore
2025-12-24T07:46:30.642741291Z [inf]  [stage-0 8/8] COPY . /app
2025-12-24T07:46:30.642773025Z [inf]  [stage-0 7/8] RUN printf '\nPATH=/opt/venv/bin:$PATH' >> /root/.profile
2025-12-24T07:46:30.642789866Z [inf]  [stage-0 6/8] RUN --mount=type=cache,id=s/8dbe4f37-75da-4b1a-a6f8-63b71fa47c6a-/root/cache/pip,target=/root/.cache/pip python -m venv --copies /opt/venv && . /opt/venv/bin/activate && pip install -r requirements.txt
2025-12-24T07:46:30.642806920Z [inf]  [stage-0 5/8] COPY . /app/.
2025-12-24T07:46:30.642817838Z [inf]  [stage-0 4/8] RUN nix-env -if .nixpacks/nixpkgs-bc8f8d1be58e8c8383e683a06e1e1e57893fff87.nix && nix-collect-garbage -d
2025-12-24T07:46:30.642835012Z [inf]  [stage-0 3/8] COPY .nixpacks/nixpkgs-bc8f8d1be58e8c8383e683a06e1e1e57893fff87.nix .nixpacks/nixpkgs-bc8f8d1be58e8c8383e683a06e1e1e57893fff87.nix
2025-12-24T07:46:30.642843054Z [inf]  [internal] load build context
2025-12-24T07:46:30.642850241Z [inf]  [stage-0 2/8] WORKDIR /app/
2025-12-24T07:46:30.642857512Z [inf]  [stage-0 1/8] FROM ghcr.io/railwayapp/nixpacks:ubuntu-1745885067@sha256:d45c89d80e13d7ad0fd555b5130f22a866d9dd10e861f589932303ef2314c7de
2025-12-24T07:46:30.642876597Z [inf]  [stage-0 1/8] FROM ghcr.io/railwayapp/nixpacks:ubuntu-1745885067@sha256:d45c89d80e13d7ad0fd555b5130f22a866d9dd10e861f589932303ef2314c7de
2025-12-24T07:46:30.642894741Z [inf]  [internal] load build context
2025-12-24T07:46:30.642905600Z [inf]  [internal] load build context
2025-12-24T07:46:30.652393271Z [inf]  [stage-0 1/8] FROM ghcr.io/railwayapp/nixpacks:ubuntu-1745885067@sha256:d45c89d80e13d7ad0fd555b5130f22a866d9dd10e861f589932303ef2314c7de
2025-12-24T07:46:30.652438586Z [inf]  [stage-0 1/8] FROM ghcr.io/railwayapp/nixpacks:ubuntu-1745885067@sha256:d45c89d80e13d7ad0fd555b5130f22a866d9dd10e861f589932303ef2314c7de
2025-12-24T07:46:30.654752879Z [inf]  [stage-0 1/8] FROM ghcr.io/railwayapp/nixpacks:ubuntu-1745885067@sha256:d45c89d80e13d7ad0fd555b5130f22a866d9dd10e861f589932303ef2314c7de
2025-12-24T07:46:30.654804052Z [inf]  [stage-0 1/8] FROM ghcr.io/railwayapp/nixpacks:ubuntu-1745885067@sha256:d45c89d80e13d7ad0fd555b5130f22a866d9dd10e861f589932303ef2314c7de
2025-12-24T07:46:30.673325324Z [inf]  [internal] load build context
2025-12-24T07:46:30.680106623Z [inf]  [stage-0 1/8] FROM ghcr.io/railwayapp/nixpacks:ubuntu-1745885067@sha256:d45c89d80e13d7ad0fd555b5130f22a866d9dd10e861f589932303ef2314c7de
2025-12-24T07:46:30.681969338Z [inf]  [stage-0 1/8] FROM ghcr.io/railwayapp/nixpacks:ubuntu-1745885067@sha256:d45c89d80e13d7ad0fd555b5130f22a866d9dd10e861f589932303ef2314c7de
2025-12-24T07:46:33.813187896Z [inf]  [stage-0 2/8] WORKDIR /app/
2025-12-24T07:46:34.264159576Z [inf]  [stage-0 2/8] WORKDIR /app/
2025-12-24T07:46:34.265382798Z [inf]  [stage-0 3/8] COPY .nixpacks/nixpkgs-bc8f8d1be58e8c8383e683a06e1e1e57893fff87.nix .nixpacks/nixpkgs-bc8f8d1be58e8c8383e683a06e1e1e57893fff87.nix
2025-12-24T07:46:34.293683615Z [inf]  [stage-0 3/8] COPY .nixpacks/nixpkgs-bc8f8d1be58e8c8383e683a06e1e1e57893fff87.nix .nixpacks/nixpkgs-bc8f8d1be58e8c8383e683a06e1e1e57893fff87.nix
2025-12-24T07:46:34.294459230Z [inf]  [stage-0 4/8] RUN nix-env -if .nixpacks/nixpkgs-bc8f8d1be58e8c8383e683a06e1e1e57893fff87.nix && nix-collect-garbage -d
2025-12-24T07:46:34.42542009Z [inf]  unpacking 'https://github.com/NixOS/nixpkgs/archive/bc8f8d1be58e8c8383e683a06e1e1e57893fff87.tar.gz' into the Git cache...

2025-12-24T07:47:04.372839829Z [inf]  installing 'bc8f8d1be58e8c8383e683a06e1e1e57893fff87-env'

2025-12-24T07:47:06.591013126Z [inf]  these 3 derivations will be built:
  /nix/store/w9wjpgsiwxjv9p6166ax2mns747lmv2c-libraries.drv
  /nix/store/g3lchy17nx4gv4bw71jnpiinxs47bg4s-bc8f8d1be58e8c8383e683a06e1e1e57893fff87-env.drv
  /nix/store/c3i4vpsp72rlp7n5izsab41x27zdlymq-bc8f8d1be58e8c8383e683a06e1e1e57893fff87-env.drv
these 107 paths will be fetched (151.46 MiB download, 645.71 MiB unpacked):

2025-12-24T07:47:06.591031543Z [inf]    /nix/store/0dglgnjm2s5qg4ar6m33lpclqig0kg2x-acl-2.3.2
  /nix/store/j2v823114cc2dqfvprlcx9h7i941kknh-attr-2.5.2
  /nix/store/515aba55q2b288xzamgb2xl1y1x4sk13-audit-4.0
  /nix/store/mm0pa3z7kk6jh1i9rkxqxjqmd8h1qpxf-bash-5.2p37
  /nix/store/pbixrqd120nnw8a0ygfpm3mnwlr1mbj7-binutils-2.43.1
  /nix/store/ywxfq90ijq9kys4g5wzyrg2f4in0iphd-binutils-2.43.1-lib
  /nix/store/l13l2ipc1xn5npjrw511y0yfh4ghinmf-binutils-wrapper-2.43.1
  /nix/store/nzi7rdydpky7lxv6mlvgcdpvdasaxcmq-builder.pl
  /nix/store/6amvjdayglsifq4lb2lrj4q5gwf4dicd-bzip2-1.0.8
  /nix/store/0kxxaix9l5dbih90491mv96zajsac57q-bzip2-1.0.8-bin
  /nix/store/sf6y4arqcm100rnnl3dhpg732i774zp6-coreutils-9.5
  /nix/store/lbx3j21p2dsr1rc5j2s8zaprkkwlrq5x-db-4.8.30

2025-12-24T07:47:06.591122663Z [inf]    /nix/store/alq4bqllykgwrif112yqgrn9g001kn7b-diffutils-3.10
  /nix/store/b1rvxspjrw0f3y5iz4pcygams0n9yas4-ed-1.20.2
  /nix/store/zx2bmicmgjh0inkgffd7agxz47j4xxql-expand-response-params
  /nix/store/cnmw0v80xbp4ldc79an5kb2p8a3ia6k5-expat-2.6.3
  /nix/store/vkv9a83hknlnr7p2z8mwl16j5pb502gp-file-5.45
  /nix/store/pr8bhn9clls2jqqba5ypj683razy9kb0-find-xml-catalogs-hook
  /nix/store/psjqqbj19n3fqssn38hgz4cv7b7a9alp-findutils-4.10.0
  /nix/store/1cd3p3kjh9c209s7832z8i3b8qcqggca-gawk-5.3.1
  /nix/store/v7dbfh5n7az2lcap0z1cv4jq0bikya8p-gcc-13.3.0
  /nix/store/s94fwp43xhzkvw8l8nqslskib99yifzi-gcc-13.3.0-lib
  /nix/store/c91k93z9yr1cpia2pf5dr226imglrkg5-gcc-13.3.0-libgcc
  /nix/store/zls8qr49k7bkdfb9ncqz9w38q5m8zkld-gcc-13.3.0-man
  /nix/store/hgw57m0jh2w10jsv8x86ng267pm5sla8-gcc-wrapper-13.3.0
  /nix/store/bhd4nlz0993jcsmp7b4fpgjyc9knh1yx-gcc-wrapper-13.3.0-man
  /nix/store/h9bcdwky1hznar341kl52g7hidcjxfdc-gdbm-1.24-lib
  /nix/store/3bvxjkkmwlymr0fssczhgi39c3aj1l7i-glibc-2.40-36
  /nix/store/5571d6dklkwfcp1812dj4lxb0gl3w1yw-glibc-2.40-36-bin
  /nix/store/932dj5qwfzck90mnvqpd1f9hjqznaqdj-glibc-2.40-36-dev
  /nix/store/fbir2hb0b8b9n9by2qkmr4sjscds5017-gmp-6.3.0
  /nix/store/i2bs001zwvii9qbhk6mm291gqybpij87-gmp-with-cxx-6.3.0
  /nix/store/vcwb5qr1yjn3pwbm9gnmvqmn1gwg9a1y-gnu-config-2024-01-01

2025-12-24T07:47:06.591138511Z [inf]    /nix/store/nysgss3ggh3dv7mz08n28h29lazxhyc1-gnugrep-3.11
  /nix/store/iyrpqn6ana7j804dzis338n74kzznmj0-gnumake-4.4.1
  /nix/store/13wxcn0j2wk911ahfkbvdq241rkprsv8-gnused-4.9
  /nix/store/cqyjb712c5q3axw9qjij05dnji2a7z48-gnutar-1.35
  /nix/store/qfc6wq1wpxvkkjqa6xr5685ip97qc3sr-gzip-1.13
  /nix/store/b8glv6c4m12ggixxbx98b38isssrwnnf-icu4c-74.2
  /nix/store/lqafrbq3phvvvpw3fahzn7vbvl01xibw-icu4c-74.2-dev
  /nix/store/1v4kdwh68m221n160qxy1dgw64mg5z30-isl-0.20
  /nix/store/qzsiapz58wbfn8k3j7cbby6n1v0scd53-keyutils-1.6.3-lib
  /nix/store/s2xcsy5qy1k1bhx856nrbha69k171pxl-krb5-1.21.3
  /nix/store/3qsh70qa9mg8a5d7nngqv5608fxg654y-krb5-1.21.3-dev
  /nix/store/nns4azjdb9ly7c4mjd5bhnj9zbr03fr0-krb5-1.21.3-lib
  /nix/store/hzrdnkrq7c7x7hkafm1x9l60x9nf6llx-libbsd-0.12.2
  /nix/store/ycavj0wxnz72h0n7csvplbgfcrq25x5f-libcap-2.70-lib

2025-12-24T07:47:06.591144329Z [inf]    /nix/store/cvxvy9v7cdfmbxpbm0qapnq03s6wjcga-libcap-ng-0.8.5
  /nix/store/k0bc02ihdd9g3qx4rdxphbghbrv7qsnc-libedit-20240808-3.1
  /nix/store/0qiyy7llb8ldillvlvjz1pyawhs5cvpk-libffi-3.4.6

2025-12-24T07:47:06.591147414Z [inf]    /nix/store/3wjcy2waiy7cr1v0kvi73aj6i90d878d-libidn2-2.3.7
  /nix/store/xz5v04422rd567ska8n5wphzx80rh02s-libmd-1.1.0
  /nix/store/wjvrhcaf0qjh4j463sz0fdday7qx8ga8-libmpc-1.3.1

2025-12-24T07:47:06.591176918Z [inf]    /nix/store/7hpmrpicmvqgpnnj9i6470y1s7dh336z-libunistring-1.2
  /nix/store/3nkb6rscay1w5ky9xziy7qnjl0i4dx25-libxcrypt-4.4.36
  /nix/store/z89nbajs59f56zjmgpqfx9vczl96vj5j-libxml2-2.13.4
  /nix/store/b7q2n60gmgmyhw8ix2pac682hghn2md3-libxml2-2.13.4-bin
  /nix/store/pq8kkxv2r28my86g17d4xmlj30ibzdv8-libxml2-2.13.4-dev
  /nix/store/h4xcr5vxpz2wj4igjwdw85vjcxicspbx-linux-headers-6.10
  /nix/store/8b0f1lj164bzy7y36wxg57qfrb8yz742-linux-pam-1.6.1
  /nix/store/d1hh5c7kz3b3djajclfw25bw6pcdsmcy-lz4-1.10.0
  /nix/store/sj4wz8d69b76khsy7y3ddp759vb1w7ym-lz4-1.10.0-dev

2025-12-24T07:47:06.591182953Z [inf]    /nix/store/ffddichm4vj28fqv02j4dm2nmz8415sw-lz4-1.10.0-lib
  /nix/store/fj4kfzzrb0jjc2z96kcklas807r92qhg-mailcap-2.1.54

2025-12-24T07:47:06.591188583Z [inf]    /nix/store/py23xbn1b57hzbzpsyyfkp1rv5mh5pwa-mpdecimal-4.0.0
  /nix/store/k9s1aafqr83v8v4qv28px2i457dx6ix9-mpfr-4.2.1
  /nix/store/c7qx9iq6lqfjd4dxrdd6723l6rvzsj5s-ncurses-6.4.20221231

2025-12-24T07:47:06.591192868Z [inf]    /nix/store/kbwfxd5b17iy077yjvqdfrvwn0npp6vw-ncurses-6.4.20221231-dev
  /nix/store/wz1262i1k6vdvwm6qvk2m7s692kfzp47-ncurses-6.4.20221231-man

2025-12-24T07:47:06.591195973Z [inf]    /nix/store/m8gwqmn8k3jm0gbcia358mz4y00lgmbc-openssl-3.3.2

2025-12-24T07:47:06.591219966Z [inf]    /nix/store/9x40a20if2q28m96hlw3q5z5q5ajgpgp-openssl-3.3.2-bin
  /nix/store/xm6d1ig9ff7zkid1gvzsbig45m2pnlaz-openssl-3.3.2-dev
  /nix/store/3yv1shg4kg4ifkxzg2jgjsrrrd8s1w08-patch-2.7.6
  /nix/store/r9gxdanbg938b9vimis7akyawkyb0yax-patchelf-0.15.0
  /nix/store/svlfxp9ips8gphsjz7ah2lsnirm2fhql-pcre2-10.44
  /nix/store/pg37w2gymgf5rdlp00c3jn7hw37bnmyc-perl-5.40.0
  /nix/store/wc1a06ip2fajrjkfbw7cvxzw1c949a6g-postgresql-16.4

2025-12-24T07:47:06.591224108Z [inf]    /nix/store/a1y4jday73043sr9jdkl45x86fc4bz6b-postgresql-16.4-dev
  /nix/store/aimqn571cc15g9dylir4sg9hddsx9vk4-postgresql-16.4-doc
  /nix/store/y44iixsj2fd1pcy8ny66809z8r6zlxag-postgresql-16.4-lib
  /nix/store/h2kawzk00cnmqvbp860hispl7rr8dyij-postgresql-16.4-man

2025-12-24T07:47:06.591233939Z [inf]    /nix/store/901c80rlps5q05bnjk1sj4zaz5k736nc-python3-3.12.7
  /nix/store/rf0rvd79mdhy427nv1wv9shkc9nglijz-readline-8.2p13
  /nix/store/q7kklqkq2a8y0vpr9sdrzfx8d9n94ysa-readline-8.2p13-dev
  /nix/store/cmmm1g8d3nyib4h9sy3qf9kg2ljzr789-shadow-4.16.0

2025-12-24T07:47:06.591244714Z [inf]    /nix/store/b4cqpglpjvkjhb8l4dh1ammpg8gk6h9p-sqlite-3.46.1
  /nix/store/1m9h3isxr4jh67yjjx540qf3sxwxhy3y-stdenv-linux
  /nix/store/d6vkx8r7x989n00zk9i5yjdyhiypqgmv-systemd-minimal-libs-256.7
  /nix/store/s94mkdlqznq2f8p8aqkvkpdp15hkx9jv-systemd-minimal-libs-256.7-dev

2025-12-24T07:47:06.591264227Z [inf]    /nix/store/0v5xgyln9dcir7fkzjc2ag171qqd8kqr-tcb-1.2
  /nix/store/5z7yfmp96ijpx0lhy5gpj65i38972330-tzdata-2024b
  /nix/store/7hsml574k621n842nwnl8qhix3i2q6mv-update-autotools-gnu-config-scripts-hook
  /nix/store/hnj9y6j24y8743wx3yah7fdw5fawjs9k-util-linux-minimal-2.39.4
  /nix/store/h3zj66jqg5shcm0cgmz6z2x99kg4svxf-util-linux-minimal-2.39.4-bin
  /nix/store/xj6ac9fw334zp0rbx932w36h4z8m7h6y-util-linux-minimal-2.39.4-dev

2025-12-24T07:47:06.59129869Z [inf]    /nix/store/2qdrzz3izjbs5z0hk2ahj40fcmiybk6j-util-linux-minimal-2.39.4-lib
  /nix/store/61m0ig5xdc23r78s9sj2g98wqrwcyvdn-util-linux-minimal-2.39.4-login
  /nix/store/wkqaqjbf8dyz056qkqynx49cf7jbs55c-util-linux-minimal-2.39.4-mount
  /nix/store/85jfmy6p9wl0rhsfmy6fr46jzplwmgx1-util-linux-minimal-2.39.4-swap
  /nix/store/1hf92di50fsyqxcgsfi3z48hc05rm1a9-xgcc-13.3.0-libgcc
  /nix/store/wp5xd6g6v3mafvdh2185v19diqqf0cm2-xz-5.6.3
  /nix/store/g0ih6cb93dm4n18bah982gsmayah3amy-xz-5.6.3-bin

2025-12-24T07:47:06.591309989Z [inf]    /nix/store/ncjma3lhr1sf6mqaczl9mfhjmp6ix58w-zlib-1.3.1
  /nix/store/cir85maag3aj3sddq35y59m0wmcr50wk-zlib-1.3.1-dev
  /nix/store/5hg6h4zjxc3ax7j4ywn6ksd509yl4pmd-zstd-1.5.6
  /nix/store/ah32d19s3nfffv8hr7br48wj4q3r79d0-zstd-1.5.6-bin
  /nix/store/h9185p3s0q345sd8m2vsgbhij7n74iif-zstd-1.5.6-dev

2025-12-24T07:47:06.600090056Z [inf]  copying path '/nix/store/nzi7rdydpky7lxv6mlvgcdpvdasaxcmq-builder.pl' from 'https://cache.nixos.org'...

2025-12-24T07:47:06.606136902Z [inf]  copying path '/nix/store/zls8qr49k7bkdfb9ncqz9w38q5m8zkld-gcc-13.3.0-man' from 'https://cache.nixos.org'...

2025-12-24T07:47:06.607051503Z [inf]  copying path '/nix/store/fj4kfzzrb0jjc2z96kcklas807r92qhg-mailcap-2.1.54' from 'https://cache.nixos.org'...

2025-12-24T07:47:06.607603233Z [inf]  copying path '/nix/store/aimqn571cc15g9dylir4sg9hddsx9vk4-postgresql-16.4-doc' from 'https://cache.nixos.org'...

2025-12-24T07:47:06.607638486Z [inf]  copying path '/nix/store/h2kawzk00cnmqvbp860hispl7rr8dyij-postgresql-16.4-man' from 'https://cache.nixos.org'...

2025-12-24T07:47:06.607817844Z [inf]  copying path '/nix/store/5z7yfmp96ijpx0lhy5gpj65i38972330-tzdata-2024b' from 'https://cache.nixos.org'...

2025-12-24T07:47:06.608627304Z [inf]  copying path '/nix/store/pr8bhn9clls2jqqba5ypj683razy9kb0-find-xml-catalogs-hook' from 'https://cache.nixos.org'...

2025-12-24T07:47:06.609036026Z [inf]  copying path '/nix/store/c91k93z9yr1cpia2pf5dr226imglrkg5-gcc-13.3.0-libgcc' from 'https://cache.nixos.org'...

2025-12-24T07:47:06.609076392Z [inf]  copying path '/nix/store/vcwb5qr1yjn3pwbm9gnmvqmn1gwg9a1y-gnu-config-2024-01-01' from 'https://cache.nixos.org'...

2025-12-24T07:47:06.609709998Z [inf]  copying path '/nix/store/h4xcr5vxpz2wj4igjwdw85vjcxicspbx-linux-headers-6.10' from 'https://cache.nixos.org'...

2025-12-24T07:47:06.609722126Z [inf]  copying path '/nix/store/wz1262i1k6vdvwm6qvk2m7s692kfzp47-ncurses-6.4.20221231-man' from 'https://cache.nixos.org'...

2025-12-24T07:47:06.609906512Z [inf]  copying path '/nix/store/hnj9y6j24y8743wx3yah7fdw5fawjs9k-util-linux-minimal-2.39.4' from 'https://cache.nixos.org'...

2025-12-24T07:47:06.610259432Z [inf]  copying path '/nix/store/1hf92di50fsyqxcgsfi3z48hc05rm1a9-xgcc-13.3.0-libgcc' from 'https://cache.nixos.org'...

2025-12-24T07:47:06.610447774Z [inf]  copying path '/nix/store/7hpmrpicmvqgpnnj9i6470y1s7dh336z-libunistring-1.2' from 'https://cache.nixos.org'...

2025-12-24T07:47:06.629722294Z [inf]  copying path '/nix/store/7hsml574k621n842nwnl8qhix3i2q6mv-update-autotools-gnu-config-scripts-hook' from 'https://cache.nixos.org'...

2025-12-24T07:47:06.639901027Z [inf]  copying path '/nix/store/bhd4nlz0993jcsmp7b4fpgjyc9knh1yx-gcc-wrapper-13.3.0-man' from 'https://cache.nixos.org'...

2025-12-24T07:47:06.662415447Z [inf]  copying path '/nix/store/3wjcy2waiy7cr1v0kvi73aj6i90d878d-libidn2-2.3.7' from 'https://cache.nixos.org'...

2025-12-24T07:47:06.682388068Z [inf]  copying path '/nix/store/3bvxjkkmwlymr0fssczhgi39c3aj1l7i-glibc-2.40-36' from 'https://cache.nixos.org'...

2025-12-24T07:47:07.335564137Z [inf]  copying path '/nix/store/j2v823114cc2dqfvprlcx9h7i941kknh-attr-2.5.2' from 'https://cache.nixos.org'...

2025-12-24T07:47:07.335656477Z [inf]  copying path '/nix/store/mm0pa3z7kk6jh1i9rkxqxjqmd8h1qpxf-bash-5.2p37' from 'https://cache.nixos.org'...
copying path '/nix/store/zx2bmicmgjh0inkgffd7agxz47j4xxql-expand-response-params' from 'https://cache.nixos.org'...
copying path '/nix/store/cnmw0v80xbp4ldc79an5kb2p8a3ia6k5-expat-2.6.3' from 'https://cache.nixos.org'...

2025-12-24T07:47:07.335715409Z [inf]  copying path '/nix/store/6amvjdayglsifq4lb2lrj4q5gwf4dicd-bzip2-1.0.8' from 'https://cache.nixos.org'...

2025-12-24T07:47:07.335719809Z [inf]  copying path '/nix/store/b1rvxspjrw0f3y5iz4pcygams0n9yas4-ed-1.20.2' from 'https://cache.nixos.org'...

2025-12-24T07:47:07.336369146Z [inf]  copying path '/nix/store/1cd3p3kjh9c209s7832z8i3b8qcqggca-gawk-5.3.1' from 'https://cache.nixos.org'...

2025-12-24T07:47:07.336458704Z [inf]  copying path '/nix/store/s94fwp43xhzkvw8l8nqslskib99yifzi-gcc-13.3.0-lib' from 'https://cache.nixos.org'...
copying path '/nix/store/h9bcdwky1hznar341kl52g7hidcjxfdc-gdbm-1.24-lib' from 'https://cache.nixos.org'...

2025-12-24T07:47:07.336502491Z [inf]  copying path '/nix/store/5571d6dklkwfcp1812dj4lxb0gl3w1yw-glibc-2.40-36-bin' from 'https://cache.nixos.org'...
copying path '/nix/store/fbir2hb0b8b9n9by2qkmr4sjscds5017-gmp-6.3.0' from 'https://cache.nixos.org'...

2025-12-24T07:47:07.337260802Z [inf]  copying path '/nix/store/iyrpqn6ana7j804dzis338n74kzznmj0-gnumake-4.4.1' from 'https://cache.nixos.org'...

2025-12-24T07:47:07.337318006Z [inf]  copying path '/nix/store/13wxcn0j2wk911ahfkbvdq241rkprsv8-gnused-4.9' from 'https://cache.nixos.org'...

2025-12-24T07:47:07.33732468Z [inf]  copying path '/nix/store/qzsiapz58wbfn8k3j7cbby6n1v0scd53-keyutils-1.6.3-lib' from 'https://cache.nixos.org'...

2025-12-24T07:47:07.337355662Z [inf]  copying path '/nix/store/ycavj0wxnz72h0n7csvplbgfcrq25x5f-libcap-2.70-lib' from 'https://cache.nixos.org'...

2025-12-24T07:47:07.337434553Z [inf]  copying path '/nix/store/cvxvy9v7cdfmbxpbm0qapnq03s6wjcga-libcap-ng-0.8.5' from 'https://cache.nixos.org'...

2025-12-24T07:47:07.382973186Z [inf]  copying path '/nix/store/0qiyy7llb8ldillvlvjz1pyawhs5cvpk-libffi-3.4.6' from 'https://cache.nixos.org'...

2025-12-24T07:47:07.383606028Z [inf]  copying path '/nix/store/xz5v04422rd567ska8n5wphzx80rh02s-libmd-1.1.0' from 'https://cache.nixos.org'...

2025-12-24T07:47:07.384843509Z [inf]  copying path '/nix/store/0kxxaix9l5dbih90491mv96zajsac57q-bzip2-1.0.8-bin' from 'https://cache.nixos.org'...

2025-12-24T07:47:07.386261031Z [inf]  copying path '/nix/store/3nkb6rscay1w5ky9xziy7qnjl0i4dx25-libxcrypt-4.4.36' from 'https://cache.nixos.org'...

2025-12-24T07:47:07.387325887Z [inf]  copying path '/nix/store/0dglgnjm2s5qg4ar6m33lpclqig0kg2x-acl-2.3.2' from 'https://cache.nixos.org'...

2025-12-24T07:47:07.39057809Z [inf]  copying path '/nix/store/z89nbajs59f56zjmgpqfx9vczl96vj5j-libxml2-2.13.4' from 'https://cache.nixos.org'...

2025-12-24T07:47:07.390720118Z [inf]  copying path '/nix/store/d1hh5c7kz3b3djajclfw25bw6pcdsmcy-lz4-1.10.0' from 'https://cache.nixos.org'...

2025-12-24T07:47:07.393079728Z [inf]  copying path '/nix/store/ffddichm4vj28fqv02j4dm2nmz8415sw-lz4-1.10.0-lib' from 'https://cache.nixos.org'...

2025-12-24T07:47:07.39330607Z [inf]  copying path '/nix/store/py23xbn1b57hzbzpsyyfkp1rv5mh5pwa-mpdecimal-4.0.0' from 'https://cache.nixos.org'...

2025-12-24T07:47:07.393957692Z [inf]  copying path '/nix/store/c7qx9iq6lqfjd4dxrdd6723l6rvzsj5s-ncurses-6.4.20221231' from 'https://cache.nixos.org'...

2025-12-24T07:47:07.396151993Z [inf]  copying path '/nix/store/m8gwqmn8k3jm0gbcia358mz4y00lgmbc-openssl-3.3.2' from 'https://cache.nixos.org'...

2025-12-24T07:47:07.39821834Z [inf]  copying path '/nix/store/3yv1shg4kg4ifkxzg2jgjsrrrd8s1w08-patch-2.7.6' from 'https://cache.nixos.org'...

2025-12-24T07:47:07.399577402Z [inf]  copying path '/nix/store/svlfxp9ips8gphsjz7ah2lsnirm2fhql-pcre2-10.44' from 'https://cache.nixos.org'...

2025-12-24T07:47:07.400446494Z [inf]  copying path '/nix/store/cqyjb712c5q3axw9qjij05dnji2a7z48-gnutar-1.35' from 'https://cache.nixos.org'...

2025-12-24T07:47:07.404751287Z [inf]  copying path '/nix/store/1v4kdwh68m221n160qxy1dgw64mg5z30-isl-0.20' from 'https://cache.nixos.org'...

2025-12-24T07:47:07.409239826Z [inf]  copying path '/nix/store/hzrdnkrq7c7x7hkafm1x9l60x9nf6llx-libbsd-0.12.2' from 'https://cache.nixos.org'...

2025-12-24T07:47:07.409535078Z [inf]  copying path '/nix/store/k9s1aafqr83v8v4qv28px2i457dx6ix9-mpfr-4.2.1' from 'https://cache.nixos.org'...

2025-12-24T07:47:07.41182208Z [inf]  copying path '/nix/store/d6vkx8r7x989n00zk9i5yjdyhiypqgmv-systemd-minimal-libs-256.7' from 'https://cache.nixos.org'...

2025-12-24T07:47:07.412882434Z [inf]  copying path '/nix/store/sj4wz8d69b76khsy7y3ddp759vb1w7ym-lz4-1.10.0-dev' from 'https://cache.nixos.org'...

2025-12-24T07:47:07.413801831Z [inf]  copying path '/nix/store/2qdrzz3izjbs5z0hk2ahj40fcmiybk6j-util-linux-minimal-2.39.4-lib' from 'https://cache.nixos.org'...

2025-12-24T07:47:07.417580781Z [inf]  copying path '/nix/store/61m0ig5xdc23r78s9sj2g98wqrwcyvdn-util-linux-minimal-2.39.4-login' from 'https://cache.nixos.org'...

2025-12-24T07:47:07.420972805Z [inf]  copying path '/nix/store/515aba55q2b288xzamgb2xl1y1x4sk13-audit-4.0' from 'https://cache.nixos.org'...

2025-12-24T07:47:07.424484317Z [inf]  copying path '/nix/store/qfc6wq1wpxvkkjqa6xr5685ip97qc3sr-gzip-1.13' from 'https://cache.nixos.org'...

2025-12-24T07:47:07.427526109Z [inf]  copying path '/nix/store/wp5xd6g6v3mafvdh2185v19diqqf0cm2-xz-5.6.3' from 'https://cache.nixos.org'...

2025-12-24T07:47:07.433166151Z [inf]  copying path '/nix/store/ncjma3lhr1sf6mqaczl9mfhjmp6ix58w-zlib-1.3.1' from 'https://cache.nixos.org'...

2025-12-24T07:47:07.439374609Z [inf]  copying path '/nix/store/932dj5qwfzck90mnvqpd1f9hjqznaqdj-glibc-2.40-36-dev' from 'https://cache.nixos.org'...

2025-12-24T07:47:07.43944563Z [inf]  copying path '/nix/store/b7q2n60gmgmyhw8ix2pac682hghn2md3-libxml2-2.13.4-bin' from 'https://cache.nixos.org'...

2025-12-24T07:47:07.440902146Z [inf]  copying path '/nix/store/wjvrhcaf0qjh4j463sz0fdday7qx8ga8-libmpc-1.3.1' from 'https://cache.nixos.org'...

2025-12-24T07:47:07.444008685Z [inf]  copying path '/nix/store/nysgss3ggh3dv7mz08n28h29lazxhyc1-gnugrep-3.11' from 'https://cache.nixos.org'...

2025-12-24T07:47:07.445403135Z [inf]  copying path '/nix/store/ywxfq90ijq9kys4g5wzyrg2f4in0iphd-binutils-2.43.1-lib' from 'https://cache.nixos.org'...
copying path '/nix/store/vkv9a83hknlnr7p2z8mwl16j5pb502gp-file-5.45' from 'https://cache.nixos.org'...

2025-12-24T07:47:07.445418795Z [inf]  copying path '/nix/store/b4cqpglpjvkjhb8l4dh1ammpg8gk6h9p-sqlite-3.46.1' from 'https://cache.nixos.org'...

2025-12-24T07:47:07.449988471Z [inf]  copying path '/nix/store/cir85maag3aj3sddq35y59m0wmcr50wk-zlib-1.3.1-dev' from 'https://cache.nixos.org'...

2025-12-24T07:47:07.455255537Z [inf]  copying path '/nix/store/g0ih6cb93dm4n18bah982gsmayah3amy-xz-5.6.3-bin' from 'https://cache.nixos.org'...

2025-12-24T07:47:07.455377744Z [inf]  copying path '/nix/store/s94mkdlqznq2f8p8aqkvkpdp15hkx9jv-systemd-minimal-libs-256.7-dev' from 'https://cache.nixos.org'...

2025-12-24T07:47:07.459638993Z [inf]  copying path '/nix/store/wkqaqjbf8dyz056qkqynx49cf7jbs55c-util-linux-minimal-2.39.4-mount' from 'https://cache.nixos.org'...
copying path '/nix/store/85jfmy6p9wl0rhsfmy6fr46jzplwmgx1-util-linux-minimal-2.39.4-swap' from 'https://cache.nixos.org'...

2025-12-24T07:47:07.534848366Z [inf]  copying path '/nix/store/pq8kkxv2r28my86g17d4xmlj30ibzdv8-libxml2-2.13.4-dev' from 'https://cache.nixos.org'...

2025-12-24T07:47:07.535285285Z [inf]  copying path '/nix/store/pbixrqd120nnw8a0ygfpm3mnwlr1mbj7-binutils-2.43.1' from 'https://cache.nixos.org'...
copying path '/nix/store/lbx3j21p2dsr1rc5j2s8zaprkkwlrq5x-db-4.8.30' from 'https://cache.nixos.org'...

2025-12-24T07:47:07.535296712Z [inf]  copying path '/nix/store/v7dbfh5n7az2lcap0z1cv4jq0bikya8p-gcc-13.3.0' from 'https://cache.nixos.org'...

2025-12-24T07:47:07.535362037Z [inf]  copying path '/nix/store/i2bs001zwvii9qbhk6mm291gqybpij87-gmp-with-cxx-6.3.0' from 'https://cache.nixos.org'...

2025-12-24T07:47:07.535514796Z [inf]  copying path '/nix/store/b8glv6c4m12ggixxbx98b38isssrwnnf-icu4c-74.2' from 'https://cache.nixos.org'...
copying path '/nix/store/r9gxdanbg938b9vimis7akyawkyb0yax-patchelf-0.15.0' from 'https://cache.nixos.org'...

2025-12-24T07:47:07.535534313Z [inf]  copying path '/nix/store/5hg6h4zjxc3ax7j4ywn6ksd509yl4pmd-zstd-1.5.6' from 'https://cache.nixos.org'...

2025-12-24T07:47:07.560034892Z [inf]  copying path '/nix/store/sf6y4arqcm100rnnl3dhpg732i774zp6-coreutils-9.5' from 'https://cache.nixos.org'...

2025-12-24T07:47:07.569151564Z [inf]  copying path '/nix/store/ah32d19s3nfffv8hr7br48wj4q3r79d0-zstd-1.5.6-bin' from 'https://cache.nixos.org'...

2025-12-24T07:47:07.5729604Z [inf]  copying path '/nix/store/nns4azjdb9ly7c4mjd5bhnj9zbr03fr0-krb5-1.21.3-lib' from 'https://cache.nixos.org'...
copying path '/nix/store/9x40a20if2q28m96hlw3q5z5q5ajgpgp-openssl-3.3.2-bin' from 'https://cache.nixos.org'...

2025-12-24T07:47:07.601257077Z [inf]  copying path '/nix/store/8b0f1lj164bzy7y36wxg57qfrb8yz742-linux-pam-1.6.1' from 'https://cache.nixos.org'...

2025-12-24T07:47:07.608220876Z [inf]  copying path '/nix/store/h9185p3s0q345sd8m2vsgbhij7n74iif-zstd-1.5.6-dev' from 'https://cache.nixos.org'...

2025-12-24T07:47:07.625188438Z [inf]  copying path '/nix/store/alq4bqllykgwrif112yqgrn9g001kn7b-diffutils-3.10' from 'https://cache.nixos.org'...
copying path '/nix/store/psjqqbj19n3fqssn38hgz4cv7b7a9alp-findutils-4.10.0' from 'https://cache.nixos.org'...
copying path '/nix/store/pg37w2gymgf5rdlp00c3jn7hw37bnmyc-perl-5.40.0' from 'https://cache.nixos.org'...

2025-12-24T07:47:07.626141411Z [inf]  copying path '/nix/store/xm6d1ig9ff7zkid1gvzsbig45m2pnlaz-openssl-3.3.2-dev' from 'https://cache.nixos.org'...

2025-12-24T07:47:07.664869254Z [inf]  copying path '/nix/store/y44iixsj2fd1pcy8ny66809z8r6zlxag-postgresql-16.4-lib' from 'https://cache.nixos.org'...

2025-12-24T07:47:07.668263363Z [inf]  copying path '/nix/store/0v5xgyln9dcir7fkzjc2ag171qqd8kqr-tcb-1.2' from 'https://cache.nixos.org'...

2025-12-24T07:47:07.677485304Z [inf]  copying path '/nix/store/cmmm1g8d3nyib4h9sy3qf9kg2ljzr789-shadow-4.16.0' from 'https://cache.nixos.org'...

2025-12-24T07:47:07.688556332Z [inf]  copying path '/nix/store/1m9h3isxr4jh67yjjx540qf3sxwxhy3y-stdenv-linux' from 'https://cache.nixos.org'...

2025-12-24T07:47:07.719515782Z [inf]  building '/nix/store/w9wjpgsiwxjv9p6166ax2mns747lmv2c-libraries.drv'...

2025-12-24T07:47:07.761019832Z [inf]  copying path '/nix/store/k0bc02ihdd9g3qx4rdxphbghbrv7qsnc-libedit-20240808-3.1' from 'https://cache.nixos.org'...
copying path '/nix/store/kbwfxd5b17iy077yjvqdfrvwn0npp6vw-ncurses-6.4.20221231-dev' from 'https://cache.nixos.org'...
copying path '/nix/store/rf0rvd79mdhy427nv1wv9shkc9nglijz-readline-8.2p13' from 'https://cache.nixos.org'...

2025-12-24T07:47:07.852841467Z [inf]  building '/nix/store/g3lchy17nx4gv4bw71jnpiinxs47bg4s-bc8f8d1be58e8c8383e683a06e1e1e57893fff87-env.drv'...

2025-12-24T07:47:07.856121412Z [inf]  copying path '/nix/store/s2xcsy5qy1k1bhx856nrbha69k171pxl-krb5-1.21.3' from 'https://cache.nixos.org'...

2025-12-24T07:47:07.857027069Z [inf]  copying path '/nix/store/901c80rlps5q05bnjk1sj4zaz5k736nc-python3-3.12.7' from 'https://cache.nixos.org'...

2025-12-24T07:47:07.857077329Z [inf]  copying path '/nix/store/q7kklqkq2a8y0vpr9sdrzfx8d9n94ysa-readline-8.2p13-dev' from 'https://cache.nixos.org'...

2025-12-24T07:47:07.857552573Z [inf]  copying path '/nix/store/h3zj66jqg5shcm0cgmz6z2x99kg4svxf-util-linux-minimal-2.39.4-bin' from 'https://cache.nixos.org'...

2025-12-24T07:47:07.896044001Z [inf]  copying path '/nix/store/3qsh70qa9mg8a5d7nngqv5608fxg654y-krb5-1.21.3-dev' from 'https://cache.nixos.org'...

2025-12-24T07:47:08.002466485Z [inf]  copying path '/nix/store/xj6ac9fw334zp0rbx932w36h4z8m7h6y-util-linux-minimal-2.39.4-dev' from 'https://cache.nixos.org'...

2025-12-24T07:47:08.058799975Z [inf]  copying path '/nix/store/l13l2ipc1xn5npjrw511y0yfh4ghinmf-binutils-wrapper-2.43.1' from 'https://cache.nixos.org'...

2025-12-24T07:47:08.300525079Z [inf]  copying path '/nix/store/lqafrbq3phvvvpw3fahzn7vbvl01xibw-icu4c-74.2-dev' from 'https://cache.nixos.org'...
copying path '/nix/store/wc1a06ip2fajrjkfbw7cvxzw1c949a6g-postgresql-16.4' from 'https://cache.nixos.org'...

2025-12-24T07:47:08.721990809Z [inf]  copying path '/nix/store/a1y4jday73043sr9jdkl45x86fc4bz6b-postgresql-16.4-dev' from 'https://cache.nixos.org'...

2025-12-24T07:47:11.350477283Z [inf]  copying path '/nix/store/hgw57m0jh2w10jsv8x86ng267pm5sla8-gcc-wrapper-13.3.0' from 'https://cache.nixos.org'...

2025-12-24T07:47:11.384033842Z [inf]  building '/nix/store/c3i4vpsp72rlp7n5izsab41x27zdlymq-bc8f8d1be58e8c8383e683a06e1e1e57893fff87-env.drv'...

2025-12-24T07:47:11.464160983Z [inf]  created 100 symlinks in user environment

2025-12-24T07:47:11.649428055Z [inf]  building '/nix/store/vj6biwyra8r82krq0cmg825mqdib8kic-user-environment.drv'...

2025-12-24T07:47:11.847025062Z [inf]  removing old generations of profile /nix/var/nix/profiles/per-user/root/channels

2025-12-24T07:47:11.847547289Z [inf]  removing old generations of profile /nix/var/nix/profiles/per-user/root/profile

2025-12-24T07:47:11.8476483Z [inf]  removing profile version 1

2025-12-24T07:47:11.847789129Z [inf]  removing old generations of profile /nix/var/nix/profiles/per-user/root/channels

2025-12-24T07:47:11.847917449Z [inf]  removing old generations of profile /nix/var/nix/profiles/per-user/root/profile

2025-12-24T07:47:11.850217991Z [inf]  finding garbage collector roots...

2025-12-24T07:47:11.850322612Z [inf]  removing stale link from '/nix/var/nix/gcroots/auto/lzjbmb2ry0z7lma2fvpqprb12921pnb5' to '/nix/var/nix/profiles/per-user/root/profile-1-link'

2025-12-24T07:47:11.854964692Z [inf]  deleting garbage...

2025-12-24T07:47:11.858783295Z [inf]  deleting '/nix/store/a9qf4wwhympzs35ncp80r185j6a21w07-user-environment'

2025-12-24T07:47:11.901790315Z [inf]  deleting '/nix/store/253kwn1730vnay87xkjgxa2v97w3y079-user-environment.drv'

2025-12-24T07:47:11.90201981Z [inf]  deleting '/nix/store/hn5mrh362n52x8wwab9s1v6bgn4n5c94-env-manifest.nix'

2025-12-24T07:47:11.902358995Z [inf]  deleting '/nix/store/pg37w2gymgf5rdlp00c3jn7hw37bnmyc-perl-5.40.0'

2025-12-24T07:47:11.92360677Z [inf]  deleting '/nix/store/1m9h3isxr4jh67yjjx540qf3sxwxhy3y-stdenv-linux'

2025-12-24T07:47:11.924183702Z [inf]  deleting '/nix/store/7hsml574k621n842nwnl8qhix3i2q6mv-update-autotools-gnu-config-scripts-hook'

2025-12-24T07:47:11.924342715Z [inf]  deleting '/nix/store/vcwb5qr1yjn3pwbm9gnmvqmn1gwg9a1y-gnu-config-2024-01-01'

2025-12-24T07:47:11.924564191Z [inf]  deleting '/nix/store/alq4bqllykgwrif112yqgrn9g001kn7b-diffutils-3.10'

2025-12-24T07:47:11.927726116Z [inf]  deleting '/nix/store/0kxxaix9l5dbih90491mv96zajsac57q-bzip2-1.0.8-bin'

2025-12-24T07:47:11.928145196Z [inf]  deleting '/nix/store/13wxcn0j2wk911ahfkbvdq241rkprsv8-gnused-4.9'

2025-12-24T07:47:11.930679014Z [inf]  deleting '/nix/store/psjqqbj19n3fqssn38hgz4cv7b7a9alp-findutils-4.10.0'

2025-12-24T07:47:11.934146184Z [inf]  deleting '/nix/store/iyrpqn6ana7j804dzis338n74kzznmj0-gnumake-4.4.1'

2025-12-24T07:47:11.935974876Z [inf]  deleting '/nix/store/3yv1shg4kg4ifkxzg2jgjsrrrd8s1w08-patch-2.7.6'

2025-12-24T07:47:11.936308615Z [inf]  deleting '/nix/store/1cd3p3kjh9c209s7832z8i3b8qcqggca-gawk-5.3.1'

2025-12-24T07:47:11.938250666Z [inf]  deleting '/nix/store/b1rvxspjrw0f3y5iz4pcygams0n9yas4-ed-1.20.2'

2025-12-24T07:47:11.938738989Z [inf]  deleting '/nix/store/g0ih6cb93dm4n18bah982gsmayah3amy-xz-5.6.3-bin'

2025-12-24T07:47:11.939729815Z [inf]  deleting '/nix/store/qfc6wq1wpxvkkjqa6xr5685ip97qc3sr-gzip-1.13'

2025-12-24T07:47:11.940119919Z [inf]  deleting '/nix/store/r9gxdanbg938b9vimis7akyawkyb0yax-patchelf-0.15.0'

2025-12-24T07:47:11.941462663Z [inf]  deleting '/nix/store/nzi7rdydpky7lxv6mlvgcdpvdasaxcmq-builder.pl'

2025-12-24T07:47:11.941693218Z [inf]  deleting '/nix/store/vkv9a83hknlnr7p2z8mwl16j5pb502gp-file-5.45'

2025-12-24T07:47:11.942173674Z [inf]  deleting '/nix/store/y0fjd2rszhr48f61350q7ym16c1naizn-libraries'

2025-12-24T07:47:11.942402251Z [inf]  deleting '/nix/store/yfvhrcz7h68gxk06hfgq78din42454ha-source'

2025-12-24T07:47:12.967776355Z [inf]  deleting unused links...

2025-12-24T07:47:14.26555842Z [inf]  note: currently hard linking saves 4.02 MiB

2025-12-24T07:47:14.331597999Z [inf]  22 store paths deleted, 242.42 MiB freed

2025-12-24T07:47:14.615641399Z [inf]  [stage-0 4/8] RUN nix-env -if .nixpacks/nixpkgs-bc8f8d1be58e8c8383e683a06e1e1e57893fff87.nix && nix-collect-garbage -d
2025-12-24T07:47:14.620828845Z [inf]  [stage-0 5/8] COPY . /app/.
2025-12-24T07:47:14.800482791Z [inf]  [stage-0 5/8] COPY . /app/.
2025-12-24T07:47:14.801269321Z [inf]  [stage-0 6/8] RUN --mount=type=cache,id=s/8dbe4f37-75da-4b1a-a6f8-63b71fa47c6a-/root/cache/pip,target=/root/.cache/pip python -m venv --copies /opt/venv && . /opt/venv/bin/activate && pip install -r requirements.txt
2025-12-24T07:47:17.98196143Z [inf]  Collecting fastapi>=0.104.0 (from -r requirements.txt (line 1))

2025-12-24T07:47:18.011210588Z [inf]    Downloading fastapi-0.127.0-py3-none-any.whl.metadata (30 kB)

2025-12-24T07:47:18.06074804Z [inf]  Collecting uvicorn>=0.24.0 (from uvicorn[standard]>=0.24.0->-r requirements.txt (line 2))

2025-12-24T07:47:18.067143743Z [inf]    Downloading uvicorn-0.40.0-py3-none-any.whl.metadata (6.7 kB)

2025-12-24T07:47:18.48787154Z [inf]  Collecting sqlalchemy>=2.0.0 (from -r requirements.txt (line 3))

2025-12-24T07:47:18.494420734Z [inf]    Downloading sqlalchemy-2.0.45-cp312-cp312-manylinux2014_x86_64.manylinux_2_17_x86_64.manylinux_2_28_x86_64.whl.metadata (9.5 kB)

2025-12-24T07:47:18.529782011Z [inf]  Collecting pydantic-settings>=2.0.0 (from -r requirements.txt (line 4))

2025-12-24T07:47:18.536431002Z [inf]    Downloading pydantic_settings-2.12.0-py3-none-any.whl.metadata (3.4 kB)

2025-12-24T07:47:18.556247439Z [inf]  Collecting python-multipart>=0.0.6 (from -r requirements.txt (line 5))

2025-12-24T07:47:18.56251167Z [inf]    Downloading python_multipart-0.0.21-py3-none-any.whl.metadata (1.8 kB)

2025-12-24T07:47:18.584267316Z [inf]  Collecting jinja2>=3.1.2 (from -r requirements.txt (line 6))

2025-12-24T07:47:18.59054611Z [inf]    Downloading jinja2-3.1.6-py3-none-any.whl.metadata (2.9 kB)

2025-12-24T07:47:18.620655208Z [inf]  Collecting httpx>=0.25.0 (from -r requirements.txt (line 7))

2025-12-24T07:47:18.627051185Z [inf]    Downloading httpx-0.28.1-py3-none-any.whl.metadata (7.1 kB)

2025-12-24T07:47:18.643999141Z [inf]  Collecting python-jose>=3.3.0 (from python-jose[cryptography]>=3.3.0->-r requirements.txt (line 8))

2025-12-24T07:47:18.650216911Z [inf]    Downloading python_jose-3.5.0-py2.py3-none-any.whl.metadata (5.5 kB)

2025-12-24T07:47:18.667859608Z [inf]  Collecting qrcode>=7.4 (from qrcode[pil]>=7.4->-r requirements.txt (line 9))

2025-12-24T07:47:18.674328638Z [inf]    Downloading qrcode-8.2-py3-none-any.whl.metadata (17 kB)

2025-12-24T07:47:18.76113607Z [inf]  Collecting psycopg2-binary>=2.9.9 (from -r requirements.txt (line 10))

2025-12-24T07:47:18.767571211Z [inf]    Downloading psycopg2_binary-2.9.11-cp312-cp312-manylinux2014_x86_64.manylinux_2_17_x86_64.whl.metadata (4.9 kB)

2025-12-24T07:47:18.786230109Z [inf]  Collecting cloudinary>=1.36.0 (from -r requirements.txt (line 11))

2025-12-24T07:47:18.792707473Z [inf]    Downloading cloudinary-1.44.1-py3-none-any.whl.metadata (8.0 kB)

2025-12-24T07:47:18.843363577Z [inf]  Collecting starlette<0.51.0,>=0.40.0 (from fastapi>=0.104.0->-r requirements.txt (line 1))

2025-12-24T07:47:18.849604749Z [inf]    Downloading starlette-0.50.0-py3-none-any.whl.metadata (6.3 kB)

2025-12-24T07:47:19.027621389Z [inf]  Collecting pydantic>=2.7.0 (from fastapi>=0.104.0->-r requirements.txt (line 1))

2025-12-24T07:47:19.034054117Z [inf]    Downloading pydantic-2.12.5-py3-none-any.whl.metadata (90 kB)

2025-12-24T07:47:19.066603543Z [inf]  Collecting typing-extensions>=4.8.0 (from fastapi>=0.104.0->-r requirements.txt (line 1))

2025-12-24T07:47:19.072849042Z [inf]    Downloading typing_extensions-4.15.0-py3-none-any.whl.metadata (3.3 kB)

2025-12-24T07:47:19.08432547Z [inf]  Collecting annotated-doc>=0.0.2 (from fastapi>=0.104.0->-r requirements.txt (line 1))

2025-12-24T07:47:19.090326306Z [inf]    Downloading annotated_doc-0.0.4-py3-none-any.whl.metadata (6.6 kB)

2025-12-24T07:47:19.116381218Z [inf]  Collecting click>=7.0 (from uvicorn>=0.24.0->uvicorn[standard]>=0.24.0->-r requirements.txt (line 2))

2025-12-24T07:47:19.12242284Z [inf]    Downloading click-8.3.1-py3-none-any.whl.metadata (2.6 kB)

2025-12-24T07:47:19.134825869Z [inf]  Collecting h11>=0.8 (from uvicorn>=0.24.0->uvicorn[standard]>=0.24.0->-r requirements.txt (line 2))

2025-12-24T07:47:19.140955473Z [inf]    Downloading h11-0.16.0-py3-none-any.whl.metadata (8.3 kB)

2025-12-24T07:47:19.317159809Z [inf]  Collecting greenlet>=1 (from sqlalchemy>=2.0.0->-r requirements.txt (line 3))

2025-12-24T07:47:19.323890331Z [inf]    Downloading greenlet-3.3.0-cp312-cp312-manylinux_2_24_x86_64.manylinux_2_28_x86_64.whl.metadata (4.1 kB)

2025-12-24T07:47:19.350435264Z [inf]  Collecting python-dotenv>=0.21.0 (from pydantic-settings>=2.0.0->-r requirements.txt (line 4))

2025-12-24T07:47:19.357440048Z [inf]    Downloading python_dotenv-1.2.1-py3-none-any.whl.metadata (25 kB)

2025-12-24T07:47:19.372082951Z [inf]  Collecting typing-inspection>=0.4.0 (from pydantic-settings>=2.0.0->-r requirements.txt (line 4))

2025-12-24T07:47:19.378352638Z [inf]    Downloading typing_inspection-0.4.2-py3-none-any.whl.metadata (2.6 kB)

2025-12-24T07:47:19.48915966Z [inf]  Collecting MarkupSafe>=2.0 (from jinja2>=3.1.2->-r requirements.txt (line 6))

2025-12-24T07:47:19.49587532Z [inf]    Downloading markupsafe-3.0.3-cp312-cp312-manylinux2014_x86_64.manylinux_2_17_x86_64.manylinux_2_28_x86_64.whl.metadata (2.7 kB)

2025-12-24T07:47:19.525704522Z [inf]  Collecting anyio (from httpx>=0.25.0->-r requirements.txt (line 7))

2025-12-24T07:47:19.531807623Z [inf]    Downloading anyio-4.12.0-py3-none-any.whl.metadata (4.3 kB)

2025-12-24T07:47:19.557228447Z [inf]  Collecting certifi (from httpx>=0.25.0->-r requirements.txt (line 7))

2025-12-24T07:47:19.563217399Z [inf]    Downloading certifi-2025.11.12-py3-none-any.whl.metadata (2.5 kB)

2025-12-24T07:47:19.59272054Z [inf]  Collecting httpcore==1.* (from httpx>=0.25.0->-r requirements.txt (line 7))

2025-12-24T07:47:19.598877185Z [inf]    Downloading httpcore-1.0.9-py3-none-any.whl.metadata (21 kB)

2025-12-24T07:47:19.61809098Z [inf]  Collecting idna (from httpx>=0.25.0->-r requirements.txt (line 7))

2025-12-24T07:47:19.624397454Z [inf]    Downloading idna-3.11-py3-none-any.whl.metadata (8.4 kB)

2025-12-24T07:47:19.649141409Z [inf]  Collecting ecdsa!=0.15 (from python-jose>=3.3.0->python-jose[cryptography]>=3.3.0->-r requirements.txt (line 8))

2025-12-24T07:47:19.655571646Z [inf]    Downloading ecdsa-0.19.1-py2.py3-none-any.whl.metadata (29 kB)

2025-12-24T07:47:19.687686392Z [inf]  Collecting rsa!=4.1.1,!=4.4,<5.0,>=4.0 (from python-jose>=3.3.0->python-jose[cryptography]>=3.3.0->-r requirements.txt (line 8))

2025-12-24T07:47:19.69409121Z [inf]    Downloading rsa-4.9.1-py3-none-any.whl.metadata (5.6 kB)

2025-12-24T07:47:19.729742789Z [inf]  Collecting pyasn1>=0.5.0 (from python-jose>=3.3.0->python-jose[cryptography]>=3.3.0->-r requirements.txt (line 8))

2025-12-24T07:47:19.736666951Z [inf]    Downloading pyasn1-0.6.1-py3-none-any.whl.metadata (8.4 kB)

2025-12-24T07:47:19.761292667Z [inf]  Collecting six (from cloudinary>=1.36.0->-r requirements.txt (line 11))

2025-12-24T07:47:19.768279931Z [inf]    Downloading six-1.17.0-py2.py3-none-any.whl.metadata (1.7 kB)

2025-12-24T07:47:19.828223321Z [inf]  Collecting urllib3>=1.26.5 (from cloudinary>=1.36.0->-r requirements.txt (line 11))

2025-12-24T07:47:19.838423523Z [inf]    Downloading urllib3-2.6.2-py3-none-any.whl.metadata (6.6 kB)

2025-12-24T07:47:20.135062818Z [inf]  Collecting cryptography>=3.4.0 (from python-jose[cryptography]>=3.3.0->-r requirements.txt (line 8))

2025-12-24T07:47:20.141719974Z [inf]    Downloading cryptography-46.0.3-cp311-abi3-manylinux_2_34_x86_64.whl.metadata (5.7 kB)

2025-12-24T07:47:20.384498217Z [inf]  Collecting pillow>=9.1.0 (from qrcode[pil]>=7.4->-r requirements.txt (line 9))

2025-12-24T07:47:20.390779121Z [inf]    Downloading pillow-12.0.0-cp312-cp312-manylinux_2_27_x86_64.manylinux_2_28_x86_64.whl.metadata (8.8 kB)

2025-12-24T07:47:20.43718447Z [inf]  Collecting httptools>=0.6.3 (from uvicorn[standard]>=0.24.0->-r requirements.txt (line 2))

2025-12-24T07:47:20.443583484Z [inf]    Downloading httptools-0.7.1-cp312-cp312-manylinux1_x86_64.manylinux_2_28_x86_64.manylinux_2_5_x86_64.whl.metadata (3.5 kB)

2025-12-24T07:47:20.497735505Z [inf]  Collecting pyyaml>=5.1 (from uvicorn[standard]>=0.24.0->-r requirements.txt (line 2))

2025-12-24T07:47:20.504115139Z [inf]    Downloading pyyaml-6.0.3-cp312-cp312-manylinux2014_x86_64.manylinux_2_17_x86_64.manylinux_2_28_x86_64.whl.metadata (2.4 kB)

2025-12-24T07:47:20.555999085Z [inf]  Collecting uvloop>=0.15.1 (from uvicorn[standard]>=0.24.0->-r requirements.txt (line 2))

2025-12-24T07:47:20.562338554Z [inf]    Downloading uvloop-0.22.1-cp312-cp312-manylinux2014_x86_64.manylinux_2_17_x86_64.manylinux_2_28_x86_64.whl.metadata (4.9 kB)

2025-12-24T07:47:20.66629363Z [inf]  Collecting watchfiles>=0.13 (from uvicorn[standard]>=0.24.0->-r requirements.txt (line 2))

2025-12-24T07:47:20.67304103Z [inf]    Downloading watchfiles-1.1.1-cp312-cp312-manylinux_2_17_x86_64.manylinux2014_x86_64.whl.metadata (4.9 kB)

2025-12-24T07:47:20.865629637Z [inf]  Collecting websockets>=10.4 (from uvicorn[standard]>=0.24.0->-r requirements.txt (line 2))

2025-12-24T07:47:20.872414157Z [inf]    Downloading websockets-15.0.1-cp312-cp312-manylinux_2_5_x86_64.manylinux1_x86_64.manylinux_2_17_x86_64.manylinux2014_x86_64.whl.metadata (6.8 kB)

2025-12-24T07:47:21.012178391Z [inf]  Collecting cffi>=2.0.0 (from cryptography>=3.4.0->python-jose[cryptography]>=3.3.0->-r requirements.txt (line 8))

2025-12-24T07:47:21.018866019Z [inf]    Downloading cffi-2.0.0-cp312-cp312-manylinux2014_x86_64.manylinux_2_17_x86_64.whl.metadata (2.6 kB)

2025-12-24T07:47:21.043605409Z [inf]  Collecting annotated-types>=0.6.0 (from pydantic>=2.7.0->fastapi>=0.104.0->-r requirements.txt (line 1))

2025-12-24T07:47:21.04967936Z [inf]    Downloading annotated_types-0.7.0-py3-none-any.whl.metadata (15 kB)

2025-12-24T07:47:22.033735958Z [inf]  Collecting pydantic-core==2.41.5 (from pydantic>=2.7.0->fastapi>=0.104.0->-r requirements.txt (line 1))

2025-12-24T07:47:22.040552934Z [inf]    Downloading pydantic_core-2.41.5-cp312-cp312-manylinux_2_17_x86_64.manylinux2014_x86_64.whl.metadata (7.3 kB)

2025-12-24T07:47:22.149596047Z [inf]  Collecting pycparser (from cffi>=2.0.0->cryptography>=3.4.0->python-jose[cryptography]>=3.3.0->-r requirements.txt (line 8))

2025-12-24T07:47:22.156351678Z [inf]    Downloading pycparser-2.23-py3-none-any.whl.metadata (993 bytes)

2025-12-24T07:47:22.168526681Z [inf]  Downloading fastapi-0.127.0-py3-none-any.whl (112 kB)

2025-12-24T07:47:22.175702383Z [inf]  Downloading uvicorn-0.40.0-py3-none-any.whl (68 kB)

2025-12-24T07:47:22.183158814Z [inf]  Downloading sqlalchemy-2.0.45-cp312-cp312-manylinux2014_x86_64.manylinux_2_17_x86_64.manylinux_2_28_x86_64.whl (3.3 MB)

2025-12-24T07:47:22.204940224Z [inf]     â”â”â”â”â”â”â”â”â”â”â”â”â”â”â”â”â”â”â”â”â”â”â”â”â”â”â”â”â”â”â”â”â”â”â”â”â”â”â”â” 3.3/3.3 MB 222.1 MB/s eta 0:00:00
2025-12-24T07:47:22.205229193Z [inf]  

2025-12-24T07:47:22.212113081Z [inf]  Downloading pydantic_settings-2.12.0-py3-none-any.whl (51 kB)

2025-12-24T07:47:22.219465928Z [inf]  Downloading python_multipart-0.0.21-py3-none-any.whl (24 kB)

2025-12-24T07:47:22.225665952Z [inf]  Downloading jinja2-3.1.6-py3-none-any.whl (134 kB)

2025-12-24T07:47:22.232124109Z [inf]  Downloading httpx-0.28.1-py3-none-any.whl (73 kB)

2025-12-24T07:47:22.238334559Z [inf]  Downloading httpcore-1.0.9-py3-none-any.whl (78 kB)

2025-12-24T07:47:22.244895418Z [inf]  Downloading python_jose-3.5.0-py2.py3-none-any.whl (34 kB)

2025-12-24T07:47:22.250953247Z [inf]  Downloading qrcode-8.2-py3-none-any.whl (45 kB)

2025-12-24T07:47:22.257178535Z [inf]  Downloading psycopg2_binary-2.9.11-cp312-cp312-manylinux2014_x86_64.manylinux_2_17_x86_64.whl (4.2 MB)

2025-12-24T07:47:22.272366631Z [inf]     â”â”â”â”â”â”â”â”â”â”â”â”â”â”â”â”â”â”â”â”â”â”â”â”â”â”â”â”â”â”â”â”â”â”â”â”â”â”â”â” 4.2/4.2 MB 320.8 MB/s eta 0:00:00
2025-12-24T07:47:22.272495027Z [inf]  

2025-12-24T07:47:22.279307356Z [inf]  Downloading cloudinary-1.44.1-py3-none-any.whl (147 kB)

2025-12-24T07:47:22.285984562Z [inf]  Downloading annotated_doc-0.0.4-py3-none-any.whl (5.3 kB)

2025-12-24T07:47:22.291834399Z [inf]  Downloading click-8.3.1-py3-none-any.whl (108 kB)

2025-12-24T07:47:22.298103807Z [inf]  Downloading cryptography-46.0.3-cp311-abi3-manylinux_2_34_x86_64.whl (4.5 MB)

2025-12-24T07:47:22.311437764Z [inf]     â”â”â”â”â”â”â”â”â”â”â”â”â”â”â”â”â”â”â”â”â”â”â”â”â”â”â”â”â”â”â”â”â”â”â”â”â”â”â”â” 4.5/4.5 MB 393.8 MB/s eta 0:00:00
2025-12-24T07:47:22.311579379Z [inf]  

2025-12-24T07:47:22.389438156Z [inf]  Downloading ecdsa-0.19.1-py2.py3-none-any.whl (150 kB)

2025-12-24T07:47:22.396089866Z [inf]  Downloading greenlet-3.3.0-cp312-cp312-manylinux_2_24_x86_64.manylinux_2_28_x86_64.whl (609 kB)

2025-12-24T07:47:22.400153953Z [inf]     â”â”â”â”â”â”â”â”â”â”â”â”â”â”â”â”â”â”â”â”â”â”â”â”â”â”â”â”â”â”â”â”â”â”â”â”â”â”â” 609.9/609.9 kB 238.3 MB/s eta 0:00:00
2025-12-24T07:47:22.400326043Z [inf]  

2025-12-24T07:47:22.406194534Z [inf]  Downloading h11-0.16.0-py3-none-any.whl (37 kB)

2025-12-24T07:47:22.413177426Z [inf]  Downloading httptools-0.7.1-cp312-cp312-manylinux1_x86_64.manylinux_2_28_x86_64.manylinux_2_5_x86_64.whl (517 kB)

2025-12-24T07:47:22.420405532Z [inf]  Downloading markupsafe-3.0.3-cp312-cp312-manylinux2014_x86_64.manylinux_2_17_x86_64.manylinux_2_28_x86_64.whl (22 kB)

2025-12-24T07:47:22.426371125Z [inf]  Downloading pillow-12.0.0-cp312-cp312-manylinux_2_27_x86_64.manylinux_2_28_x86_64.whl (7.0 MB)

2025-12-24T07:47:22.442010901Z [inf]     â”â”â”â”â”â”â”â”â”â”â”â”â”â”â”â”â”â”â”â”â”â”â”â”â”â”â”â”â”â”â”â”â”â”â”â”â”â”â”â” 7.0/7.0 MB 526.2 MB/s eta 0:00:00
2025-12-24T07:47:22.442158658Z [inf]  

2025-12-24T07:47:22.448256147Z [inf]  Downloading pyasn1-0.6.1-py3-none-any.whl (83 kB)

2025-12-24T07:47:22.45428071Z [inf]  Downloading pydantic-2.12.5-py3-none-any.whl (463 kB)

2025-12-24T07:47:22.461477927Z [inf]  Downloading pydantic_core-2.41.5-cp312-cp312-manylinux_2_17_x86_64.manylinux2014_x86_64.whl (2.1 MB)

2025-12-24T07:47:22.471122999Z [inf]     â”â”â”â”â”â”â”â”â”â”â”â”â”â”â”â”â”â”â”â”â”â”â”â”â”â”â”â”â”â”â”â”â”â”â”â”â”â”â”â” 2.1/2.1 MB 256.3 MB/s eta 0:00:00
2025-12-24T07:47:22.471255807Z [inf]  

2025-12-24T07:47:22.477258868Z [inf]  Downloading python_dotenv-1.2.1-py3-none-any.whl (21 kB)

2025-12-24T07:47:22.483261237Z [inf]  Downloading pyyaml-6.0.3-cp312-cp312-manylinux2014_x86_64.manylinux_2_17_x86_64.manylinux_2_28_x86_64.whl (807 kB)

2025-12-24T07:47:22.487005411Z [inf]     â”â”â”â”â”â”â”â”â”â”â”â”â”â”â”â”â”â”â”â”â”â”â”â”â”â”â”â”â”â”â”â”â”â”â”â”â”â”â” 807.9/807.9 kB 533.0 MB/s eta 0:00:00
2025-12-24T07:47:22.487159574Z [inf]  

2025-12-24T07:47:22.493287992Z [inf]  Downloading rsa-4.9.1-py3-none-any.whl (34 kB)

2025-12-24T07:47:22.499638184Z [inf]  Downloading six-1.17.0-py2.py3-none-any.whl (11 kB)

2025-12-24T07:47:22.505636083Z [inf]  Downloading starlette-0.50.0-py3-none-any.whl (74 kB)

2025-12-24T07:47:22.512355971Z [inf]  Downloading anyio-4.12.0-py3-none-any.whl (113 kB)

2025-12-24T07:47:22.519065905Z [inf]  Downloading idna-3.11-py3-none-any.whl (71 kB)

2025-12-24T07:47:22.525186671Z [inf]  Downloading typing_extensions-4.15.0-py3-none-any.whl (44 kB)

2025-12-24T07:47:22.531448206Z [inf]  Downloading typing_inspection-0.4.2-py3-none-any.whl (14 kB)

2025-12-24T07:47:22.537464658Z [inf]  Downloading urllib3-2.6.2-py3-none-any.whl (131 kB)

2025-12-24T07:47:22.54420626Z [inf]  Downloading uvloop-0.22.1-cp312-cp312-manylinux2014_x86_64.manylinux_2_17_x86_64.manylinux_2_28_x86_64.whl (4.4 MB)

2025-12-24T07:47:22.572663652Z [inf]     â”â”â”â”â”â”â”â”â”â”â”â”â”â”â”â”â”â”â”â”â”â”â”â”â”â”â”â”â”â”â”â”â”â”â”â”â”â”â”â” 4.4/4.4 MB 179.2 MB/s eta 0:00:00
2025-12-24T07:47:22.572929855Z [inf]  

2025-12-24T07:47:22.580282114Z [inf]  Downloading watchfiles-1.1.1-cp312-cp312-manylinux_2_17_x86_64.manylinux2014_x86_64.whl (456 kB)

2025-12-24T07:47:22.588287478Z [inf]  Downloading websockets-15.0.1-cp312-cp312-manylinux_2_5_x86_64.manylinux1_x86_64.manylinux_2_17_x86_64.manylinux2014_x86_64.whl (182 kB)

2025-12-24T07:47:22.594568613Z [inf]  Downloading certifi-2025.11.12-py3-none-any.whl (159 kB)

2025-12-24T07:47:22.601351558Z [inf]  Downloading annotated_types-0.7.0-py3-none-any.whl (13 kB)

2025-12-24T07:47:22.60767897Z [inf]  Downloading cffi-2.0.0-cp312-cp312-manylinux2014_x86_64.manylinux_2_17_x86_64.whl (219 kB)

2025-12-24T07:47:22.613923189Z [inf]  Downloading pycparser-2.23-py3-none-any.whl (118 kB)

2025-12-24T07:47:22.808110324Z [inf]  Installing collected packages: websockets, uvloop, urllib3, typing-extensions, six, qrcode, pyyaml, python-multipart, python-dotenv, pycparser, pyasn1, psycopg2-binary, pillow, MarkupSafe, idna, httptools, h11, greenlet, click, certifi, annotated-types, annotated-doc, uvicorn, typing-inspection, sqlalchemy, rsa, pydantic-core, jinja2, httpcore, ecdsa, cloudinary, cffi, anyio, watchfiles, starlette, python-jose, pydantic, httpx, cryptography, pydantic-settings, fastapi

2025-12-24T07:47:27.204017316Z [inf]  Successfully installed MarkupSafe-3.0.3 annotated-doc-0.0.4 annotated-types-0.7.0 anyio-4.12.0 certifi-2025.11.12 cffi-2.0.0 click-8.3.1 cloudinary-1.44.1 cryptography-46.0.3 ecdsa-0.19.1 fastapi-0.127.0 greenlet-3.3.0 h11-0.16.0 httpcore-1.0.9 httptools-0.7.1 httpx-0.28.1 idna-3.11 jinja2-3.1.6 pillow-12.0.0 psycopg2-binary-2.9.11 pyasn1-0.6.1 pycparser-2.23 pydantic-2.12.5 pydantic-core-2.41.5 pydantic-settings-2.12.0 python-dotenv-1.2.1 python-jose-3.5.0 python-multipart-0.0.21 pyyaml-6.0.3 qrcode-8.2 rsa-4.9.1 six-1.17.0 sqlalchemy-2.0.45 starlette-0.50.0 typing-extensions-4.15.0 typing-inspection-0.4.2 urllib3-2.6.2 uvicorn-0.40.0 uvloop-0.22.1 watchfiles-1.1.1 websockets-15.0.1

2025-12-24T07:47:28.103107960Z [inf]  [stage-0 6/8] RUN --mount=type=cache,id=s/8dbe4f37-75da-4b1a-a6f8-63b71fa47c6a-/root/cache/pip,target=/root/.cache/pip python -m venv --copies /opt/venv && . /opt/venv/bin/activate && pip install -r requirements.txt
2025-12-24T07:47:28.104300739Z [inf]  [stage-0 7/8] RUN printf '\nPATH=/opt/venv/bin:$PATH' >> /root/.profile
2025-12-24T07:47:28.214570471Z [inf]  [stage-0 7/8] RUN printf '\nPATH=/opt/venv/bin:$PATH' >> /root/.profile
2025-12-24T07:47:28.215283944Z [inf]  [stage-0 8/8] COPY . /app
2025-12-24T07:47:28.240850478Z [inf]  [stage-0 8/8] COPY . /app
2025-12-24T07:47:28.242763801Z [inf]  exporting to docker image format
2025-12-24T07:47:28.242785679Z [inf]  exporting to image
2025-12-24T07:47:58.275122084Z [inf]  importing to docker
2025-12-24T07:48:00.869966295Z [inf]  [auth] sharing credentials for production-europe-west4-drams3a.railway-registry.com
2025-12-24T07:48:00.870018329Z [inf]  [auth] sharing credentials for production-europe-west4-drams3a.railway-registry.com
2025-12-24T07:48:10.680671433Z [inf]  importing to docker
2025-12-24T07:48:28.918389265Z [inf]  === Successfully Built! ===
2025-12-24T07:48:28.918431094Z [inf]  Run:
2025-12-24T07:48:28.918438531Z [inf]  docker run -it production-europe-west4-drams3a.railway-registry.com/8dbe4f37-75da-4b1a-a6f8-63b71fa47c6a:b4ecd157-39d0-40d2-9279-4e9aa0424fc8
2025-12-24T07:48:29.060482453Z [inf]  [92mBuild time: 119.64 seconds[0m
2025-12-24T07:48:43.587172458Z [inf]  
2025-12-24T07:48:43.587238754Z [inf]  [35m====================
Starting Healthcheck
====================
[0m
2025-12-24T07:48:43.587241610Z [inf]  [37mPath: /[0m
2025-12-24T07:48:43.587243329Z [inf]  [37mRetry window: 1m40s[0m
2025-12-24T07:48:43.587244328Z [inf]  
2025-12-24T07:48:53.772572986Z [inf]  [93mAttempt #1 failed with service unavailable. Continuing to retry for 1m29s[0m
2025-12-24T07:48:54.927859428Z [inf]  [93mAttempt #2 failed with service unavailable. Continuing to retry for 1m28s[0m
2025-12-24T07:48:57.080804022Z [inf]  [93mAttempt #3 failed with service unavailable. Continuing to retry for 1m26s[0m
2025-12-24T07:49:01.235873671Z [inf]  [93mAttempt #4 failed with service unavailable. Continuing to retry for 1m22s[0m
2025-12-24T07:49:09.389805961Z [inf]  [93mAttempt #5 failed with service unavailable. Continuing to retry for 1m14s[0m
2025-12-24T07:49:25.545521667Z [inf]  [93mAttempt #6 failed with service unavailable. Continuing to retry for 58s[0m
2025-12-24T07:49:55.699916351Z [inf]  [93mAttempt #7 failed with service unavailable. Continuing to retry for 27s[0m
2025-12-24T07:49:55.741251846Z [inf]  
2025-12-24T07:49:55.741326800Z [inf]  [91m1/1 replicas never became healthy![0m
2025-12-24T07:49:55.741329186Z [inf]  [91mHealthcheck failed![0m